<?xml version="1.0" encoding="UTF-8"?>
<testsuite name="hstest.MinesweeperTest" tests="1" skipped="0" failures="0" errors="0" timestamp="2023-06-28T12:34:16" hostname="norekmbl04" time="2.895">
  <properties/>
  <testcase name="start" classname="hstest.MinesweeperTest" time="2.895"/>
  <system-out><![CDATA[?[1;31m
Start test 1?[0m
How many mines do you want on the field? > 1
 │123456789│
—│—————————│
1|.........|
2|.........|
3|.........|
4|.........|
5|.........|
6|.........|
7|.........|
8|.........|
9|.........|
—│—————————│
Set/delete mines marks (x and y coordinates): > 8 5 free
 │123456789│
—│—————————│
1|/////////|
2|/////////|
3|/////////|
4|/////////|
5|/////////|
6|///////11|
7|///////1.|
8|///////11|
9|/////////|
—│—————————│
Set/delete mines marks (x and y coordinates): > 9 7 free
 │123456789│
—│—————————│
1|/////////|
2|/////////|
3|/////////|
4|/////////|
5|/////////|
6|///////11|
7|///////1X|
8|///////11|
9|/////////|
—│—————————│
You stepped on a mine and failed!
?[1;31m
Start test 2?[0m
How many mines do you want on the field? > 1
 │123456789│
—│—————————│
1|.........|
2|.........|
3|.........|
4|.........|
5|.........|
6|.........|
7|.........|
8|.........|
9|.........|
—│—————————│
Set/delete mines marks (x and y coordinates): > 6 6 free
 │123456789│
—│—————————│
1|1.1//////|
2|111//////|
3|/////////|
4|/////////|
5|/////////|
6|/////////|
7|/////////|
8|/////////|
9|/////////|
—│—————————│
Set/delete mines marks (x and y coordinates): > 2 1 free
 │123456789│
—│—————————│
1|1X1//////|
2|111//////|
3|/////////|
4|/////////|
5|/////////|
6|/////////|
7|/////////|
8|/////////|
9|/////////|
—│—————————│
You stepped on a mine and failed!
?[1;31m
Start test 3?[0m
How many mines do you want on the field? > 1
 │123456789│
—│—————————│
1|.........|
2|.........|
3|.........|
4|.........|
5|.........|
6|.........|
7|.........|
8|.........|
9|.........|
—│—————————│
Set/delete mines marks (x and y coordinates): > 4 1 free
 │123456789│
—│—————————│
1|//////1.1|
2|//////111|
3|/////////|
4|/////////|
5|/////////|
6|/////////|
7|/////////|
8|/////////|
9|/////////|
—│—————————│
Set/delete mines marks (x and y coordinates): > 8 1 mine
 │123456789│
—│—————————│
1|//////1*1|
2|//////111|
3|/////////|
4|/////////|
5|/////////|
6|/////////|
7|/////////|
8|/////////|
9|/////////|
—│—————————│
Congratulations! You found all the mines!
?[1;31m
Start test 4?[0m
How many mines do you want on the field? > 1
 │123456789│
—│—————————│
1|.........|
2|.........|
3|.........|
4|.........|
5|.........|
6|.........|
7|.........|
8|.........|
9|.........|
—│—————————│
Set/delete mines marks (x and y coordinates): > 3 7 free
 │123456789│
—│—————————│
1|/////////|
2|/////////|
3|/////////|
4|/////////|
5|/////////|
6|/////111/|
7|/////1.1/|
8|/////111/|
9|/////////|
—│—————————│
Set/delete mines marks (x and y coordinates): > 7 7 mine
 │123456789│
—│—————————│
1|/////////|
2|/////////|
3|/////////|
4|/////////|
5|/////////|
6|/////111/|
7|/////1*1/|
8|/////111/|
9|/////////|
—│—————————│
Congratulations! You found all the mines!
?[1;31m
Start test 5?[0m
How many mines do you want on the field? > 1
 │123456789│
—│—————————│
1|.........|
2|.........|
3|.........|
4|.........|
5|.........|
6|.........|
7|.........|
8|.........|
9|.........|
—│—————————│
Set/delete mines marks (x and y coordinates): > 3 3 mine
 │123456789│
—│—————————│
1|.........|
2|.........|
3|..*......|
4|.........|
5|.........|
6|.........|
7|.........|
8|.........|
9|.........|
—│—————————│
Set/delete mines marks (x and y coordinates): > 3 3 mine
 │123456789│
—│—————————│
1|.........|
2|.........|
3|.........|
4|.........|
5|.........|
6|.........|
7|.........|
8|.........|
9|.........|
—│—————————│
Set/delete mines marks (x and y coordinates): > 6 4 free
 │123456789│
—│—————————│
1|////111//|
2|////1.1//|
3|////111//|
4|/////////|
5|/////////|
6|/////////|
7|/////////|
8|/////////|
9|/////////|
—│—————————│
Set/delete mines marks (x and y coordinates): > 6 2 free
 │123456789│
—│—————————│
1|////111//|
2|////1X1//|
3|////111//|
4|/////////|
5|/////////|
6|/////////|
7|/////////|
8|/////////|
9|/////////|
—│—————————│
You stepped on a mine and failed!
?[1;31m
Start test 6?[0m
How many mines do you want on the field? > 1
 │123456789│
—│—————————│
1|.........|
2|.........|
3|.........|
4|.........|
5|.........|
6|.........|
7|.........|
8|.........|
9|.........|
—│—————————│
Set/delete mines marks (x and y coordinates): > 3 4 mine
 │123456789│
—│—————————│
1|.........|
2|.........|
3|.........|
4|..*......|
5|.........|
6|.........|
7|.........|
8|.........|
9|.........|
—│—————————│
Set/delete mines marks (x and y coordinates): > 1 2 free
 │123456789│
—│—————————│
1|/////////|
2|/////////|
3|/////////|
4|///111///|
5|///1.1///|
6|///111///|
7|/////////|
8|/////////|
9|/////////|
—│—————————│
Set/delete mines marks (x and y coordinates): > 5 5 free
 │123456789│
—│—————————│
1|/////////|
2|/////////|
3|/////////|
4|///111///|
5|///1X1///|
6|///111///|
7|/////////|
8|/////////|
9|/////////|
—│—————————│
You stepped on a mine and failed!
?[1;31m
Start test 7?[0m
How many mines do you want on the field? > 1
 │123456789│
—│—————————│
1|.........|
2|.........|
3|.........|
4|.........|
5|.........|
6|.........|
7|.........|
8|.........|
9|.........|
—│—————————│
Set/delete mines marks (x and y coordinates): > 4 8 mine
 │123456789│
—│—————————│
1|.........|
2|.........|
3|.........|
4|.........|
5|.........|
6|.........|
7|.........|
8|...*.....|
9|.........|
—│—————————│
Set/delete mines marks (x and y coordinates): > 4 8 mine
 │123456789│
—│—————————│
1|.........|
2|.........|
3|.........|
4|.........|
5|.........|
6|.........|
7|.........|
8|.........|
9|.........|
—│—————————│
Set/delete mines marks (x and y coordinates): > 8 7 mine
 │123456789│
—│—————————│
1|.........|
2|.........|
3|.........|
4|.........|
5|.........|
6|.........|
7|.......*.|
8|.........|
9|.........|
—│—————————│
Set/delete mines marks (x and y coordinates): > 9 4 free
 │123456789│
—│—————————│
1|/////////|
2|/////////|
3|/////////|
4|/////////|
5|///111///|
6|///1.1///|
7|///111///|
8|/////////|
9|/////////|
—│—————————│
Set/delete mines marks (x and y coordinates): > 5 6 mine
 │123456789│
—│—————————│
1|/////////|
2|/////////|
3|/////////|
4|/////////|
5|///111///|
6|///1*1///|
7|///111///|
8|/////////|
9|/////////|
—│—————————│
Set/delete mines marks (x and y coordinates): > 5 6 mine
 │123456789│
—│—————————│
1|/////////|
2|/////////|
3|/////////|
4|/////////|
5|///111///|
6|///1.1///|
7|///111///|
8|/////////|
9|/////////|
—│—————————│
Set/delete mines marks (x and y coordinates): > 5 6 free
 │123456789│
—│—————————│
1|/////////|
2|/////////|
3|/////////|
4|/////////|
5|///111///|
6|///1X1///|
7|///111///|
8|/////////|
9|/////////|
—│—————————│
You stepped on a mine and failed!
?[1;31m
Start test 8?[0m
How many mines do you want on the field? > 1
 │123456789│
—│—————————│
1|.........|
2|.........|
3|.........|
4|.........|
5|.........|
6|.........|
7|.........|
8|.........|
9|.........|
—│—————————│
Set/delete mines marks (x and y coordinates): > 1 7 free
 │123456789│
—│—————————│
1|/////////|
2|/////////|
3|/////////|
4|///////11|
5|///////1.|
6|///////11|
7|/////////|
8|/////////|
9|/////////|
—│—————————│
Set/delete mines marks (x and y coordinates): > 9 5 free
 │123456789│
—│—————————│
1|/////////|
2|/////////|
3|/////////|
4|///////11|
5|///////1X|
6|///////11|
7|/////////|
8|/////////|
9|/////////|
—│—————————│
You stepped on a mine and failed!
?[1;31m
Start test 9?[0m
How many mines do you want on the field? > 1
 │123456789│
—│—————————│
1|.........|
2|.........|
3|.........|
4|.........|
5|.........|
6|.........|
7|.........|
8|.........|
9|.........|
—│—————————│
Set/delete mines marks (x and y coordinates): > 5 9 free
 │123456789│
—│—————————│
1|/////////|
2|/////////|
3|/////////|
4|111//////|
5|1.1//////|
6|111//////|
7|/////////|
8|/////////|
9|/////////|
—│—————————│
Set/delete mines marks (x and y coordinates): > 2 5 mine
 │123456789│
—│—————————│
1|/////////|
2|/////////|
3|/////////|
4|111//////|
5|1*1//////|
6|111//////|
7|/////////|
8|/////////|
9|/////////|
—│—————————│
Congratulations! You found all the mines!
?[1;31m
Start test 10?[0m
How many mines do you want on the field? > 1
 │123456789│
—│—————————│
1|.........|
2|.........|
3|.........|
4|.........|
5|.........|
6|.........|
7|.........|
8|.........|
9|.........|
—│—————————│
Set/delete mines marks (x and y coordinates): > 9 4 mine
 │123456789│
—│—————————│
1|.........|
2|.........|
3|.........|
4|........*|
5|.........|
6|.........|
7|.........|
8|.........|
9|.........|
—│—————————│
Set/delete mines marks (x and y coordinates): > 3 8 free
 │123456789│
—│—————————│
1|/////////|
2|/////////|
3|/////////|
4|/////////|
5|/////////|
6|//////111|
7|//////1.1|
8|//////111|
9|/////////|
—│—————————│
Set/delete mines marks (x and y coordinates): > 8 7 free
 │123456789│
—│—————————│
1|/////////|
2|/////////|
3|/////////|
4|/////////|
5|/////////|
6|//////111|
7|//////1X1|
8|//////111|
9|/////////|
—│—————————│
You stepped on a mine and failed!
?[1;31m
Start test 11?[0m
How many mines do you want on the field? > 1
 │123456789│
—│—————————│
1|.........|
2|.........|
3|.........|
4|.........|
5|.........|
6|.........|
7|.........|
8|.........|
9|.........|
—│—————————│
Set/delete mines marks (x and y coordinates): > 5 8 free
 │123456789│
—│—————————│
1|/////////|
2|/////////|
3|/////////|
4|/////////|
5|/////////|
6|///////11|
7|///////1.|
8|///////11|
9|/////////|
—│—————————│
Set/delete mines marks (x and y coordinates): > 9 7 free
 │123456789│
—│—————————│
1|/////////|
2|/////////|
3|/////////|
4|/////////|
5|/////////|
6|///////11|
7|///////1X|
8|///////11|
9|/////////|
—│—————————│
You stepped on a mine and failed!
?[1;31m
Start test 12?[0m
How many mines do you want on the field? > 1
 │123456789│
—│—————————│
1|.........|
2|.........|
3|.........|
4|.........|
5|.........|
6|.........|
7|.........|
8|.........|
9|.........|
—│—————————│
Set/delete mines marks (x and y coordinates): > 5 8 free
 │123456789│
—│—————————│
1|/////////|
2|/////////|
3|/////////|
4|///////11|
5|///////1.|
6|///////11|
7|/////////|
8|/////////|
9|/////////|
—│—————————│
Set/delete mines marks (x and y coordinates): > 9 5 free
 │123456789│
—│—————————│
1|/////////|
2|/////////|
3|/////////|
4|///////11|
5|///////1X|
6|///////11|
7|/////////|
8|/////////|
9|/////////|
—│—————————│
You stepped on a mine and failed!
?[1;31m
Start test 13?[0m
How many mines do you want on the field? > 1
 │123456789│
—│—————————│
1|.........|
2|.........|
3|.........|
4|.........|
5|.........|
6|.........|
7|.........|
8|.........|
9|.........|
—│—————————│
Set/delete mines marks (x and y coordinates): > 4 3 free
 │123456789│
—│—————————│
1|/////////|
2|/////////|
3|/////////|
4|/////////|
5|//////111|
6|//////1.1|
7|//////111|
8|/////////|
9|/////////|
—│—————————│
Set/delete mines marks (x and y coordinates): > 8 6 free
 │123456789│
—│—————————│
1|/////////|
2|/////////|
3|/////////|
4|/////////|
5|//////111|
6|//////1X1|
7|//////111|
8|/////////|
9|/////////|
—│—————————│
You stepped on a mine and failed!
?[1;31m
Start test 14?[0m
How many mines do you want on the field? > 1
 │123456789│
—│—————————│
1|.........|
2|.........|
3|.........|
4|.........|
5|.........|
6|.........|
7|.........|
8|.........|
9|.........|
—│—————————│
Set/delete mines marks (x and y coordinates): > 7 5 mine
 │123456789│
—│—————————│
1|.........|
2|.........|
3|.........|
4|.........|
5|......*..|
6|.........|
7|.........|
8|.........|
9|.........|
—│—————————│
Set/delete mines marks (x and y coordinates): > 8 1 free
 │123456789│
—│—————————│
1|/////////|
2|/////////|
3|/////////|
4|/////////|
5|/////////|
6|/////////|
7|11///////|
8|.1///////|
9|11///////|
—│—————————│
Set/delete mines marks (x and y coordinates): > 1 8 free
 │123456789│
—│—————————│
1|/////////|
2|/////////|
3|/////////|
4|/////////|
5|/////////|
6|/////////|
7|11///////|
8|X1///////|
9|11///////|
—│—————————│
You stepped on a mine and failed!
?[1;31m
Start test 15?[0m
How many mines do you want on the field? > 1
 │123456789│
—│—————————│
1|.........|
2|.........|
3|.........|
4|.........|
5|.........|
6|.........|
7|.........|
8|.........|
9|.........|
—│—————————│
Set/delete mines marks (x and y coordinates): > 7 8 mine
 │123456789│
—│—————————│
1|.........|
2|.........|
3|.........|
4|.........|
5|.........|
6|.........|
7|.........|
8|......*..|
9|.........|
—│—————————│
Set/delete mines marks (x and y coordinates): > 2 5 free
 │123456789│
—│—————————│
1|/////////|
2|/////////|
3|/////////|
4|/////////|
5|/////////|
6|/////////|
7|/////////|
8|///111///|
9|///1.1///|
—│—————————│
Set/delete mines marks (x and y coordinates): > 5 9 mine
 │123456789│
—│—————————│
1|/////////|
2|/////////|
3|/////////|
4|/////////|
5|/////////|
6|/////////|
7|/////////|
8|///111///|
9|///1*1///|
—│—————————│
Set/delete mines marks (x and y coordinates): > 5 9 mine
 │123456789│
—│—————————│
1|/////////|
2|/////////|
3|/////////|
4|/////////|
5|/////////|
6|/////////|
7|/////////|
8|///111///|
9|///1.1///|
—│—————————│
Set/delete mines marks (x and y coordinates): > 5 9 free
 │123456789│
—│—————————│
1|/////////|
2|/////////|
3|/////////|
4|/////////|
5|/////////|
6|/////////|
7|/////////|
8|///111///|
9|///1X1///|
—│—————————│
You stepped on a mine and failed!
?[1;31m
Start test 16?[0m
How many mines do you want on the field? > 1
 │123456789│
—│—————————│
1|.........|
2|.........|
3|.........|
4|.........|
5|.........|
6|.........|
7|.........|
8|.........|
9|.........|
—│—————————│
Set/delete mines marks (x and y coordinates): > 4 9 free
 │123456789│
—│—————————│
1|/////////|
2|/////////|
3|/////////|
4|/////////|
5|/////////|
6|/////111/|
7|/////1.1/|
8|/////111/|
9|/////////|
—│—————————│
Set/delete mines marks (x and y coordinates): > 7 7 free
 │123456789│
—│—————————│
1|/////////|
2|/////////|
3|/////////|
4|/////////|
5|/////////|
6|/////111/|
7|/////1X1/|
8|/////111/|
9|/////////|
—│—————————│
You stepped on a mine and failed!
?[1;31m
Start test 17?[0m
How many mines do you want on the field? > 1
 │123456789│
—│—————————│
1|.........|
2|.........|
3|.........|
4|.........|
5|.........|
6|.........|
7|.........|
8|.........|
9|.........|
—│—————————│
Set/delete mines marks (x and y coordinates): > 4 1 mine
 │123456789│
—│—————————│
1|...*.....|
2|.........|
3|.........|
4|.........|
5|.........|
6|.........|
7|.........|
8|.........|
9|.........|
—│—————————│
Set/delete mines marks (x and y coordinates): > 9 4 mine
 │123456789│
—│—————————│
1|...*.....|
2|.........|
3|.........|
4|........*|
5|.........|
6|.........|
7|.........|
8|.........|
9|.........|
—│—————————│
Set/delete mines marks (x and y coordinates): > 9 8 mine
 │123456789│
—│—————————│
1|...*.....|
2|.........|
3|.........|
4|........*|
5|.........|
6|.........|
7|.........|
8|........*|
9|.........|
—│—————————│
Set/delete mines marks (x and y coordinates): > 8 1 mine
 │123456789│
—│—————————│
1|...*...*.|
2|.........|
3|.........|
4|........*|
5|.........|
6|.........|
7|.........|
8|........*|
9|.........|
—│—————————│
Set/delete mines marks (x and y coordinates): > 2 6 free
 │123456789│
—│—————————│
1|/////////|
2|/////////|
3|/////////|
4|//111////|
5|//1.1////|
6|//111////|
7|/////////|
8|/////////|
9|/////////|
—│—————————│
Set/delete mines marks (x and y coordinates): > 4 5 mine
 │123456789│
—│—————————│
1|/////////|
2|/////////|
3|/////////|
4|//111////|
5|//1*1////|
6|//111////|
7|/////////|
8|/////////|
9|/////////|
—│—————————│
Set/delete mines marks (x and y coordinates): > 4 5 mine
 │123456789│
—│—————————│
1|/////////|
2|/////////|
3|/////////|
4|//111////|
5|//1.1////|
6|//111////|
7|/////////|
8|/////////|
9|/////////|
—│—————————│
Set/delete mines marks (x and y coordinates): > 4 5 mine
 │123456789│
—│—————————│
1|/////////|
2|/////////|
3|/////////|
4|//111////|
5|//1*1////|
6|//111////|
7|/////////|
8|/////////|
9|/////////|
—│—————————│
Set/delete mines marks (x and y coordinates): > 4 5 mine
 │123456789│
—│—————————│
1|/////////|
2|/////////|
3|/////////|
4|//111////|
5|//1.1////|
6|//111////|
7|/////////|
8|/////////|
9|/////////|
—│—————————│
Set/delete mines marks (x and y coordinates): > 4 5 free
 │123456789│
—│—————————│
1|/////////|
2|/////////|
3|/////////|
4|//111////|
5|//1X1////|
6|//111////|
7|/////////|
8|/////////|
9|/////////|
—│—————————│
You stepped on a mine and failed!
?[1;31m
Start test 18?[0m
How many mines do you want on the field? > 1
 │123456789│
—│—————————│
1|.........|
2|.........|
3|.........|
4|.........|
5|.........|
6|.........|
7|.........|
8|.........|
9|.........|
—│—————————│
Set/delete mines marks (x and y coordinates): > 1 6 free
 │123456789│
—│—————————│
1|/111/////|
2|/1.1/////|
3|/111/////|
4|/////////|
5|/////////|
6|/////////|
7|/////////|
8|/////////|
9|/////////|
—│—————————│
Set/delete mines marks (x and y coordinates): > 3 2 free
 │123456789│
—│—————————│
1|/111/////|
2|/1X1/////|
3|/111/////|
4|/////////|
5|/////////|
6|/////////|
7|/////////|
8|/////////|
9|/////////|
—│—————————│
You stepped on a mine and failed!
?[1;31m
Start test 19?[0m
How many mines do you want on the field? > 1
 │123456789│
—│—————————│
1|.........|
2|.........|
3|.........|
4|.........|
5|.........|
6|.........|
7|.........|
8|.........|
9|.........|
—│—————————│
Set/delete mines marks (x and y coordinates): > 9 5 free
 │123456789│
—│—————————│
1|/////////|
2|//////111|
3|//////1.1|
4|//////111|
5|/////////|
6|/////////|
7|/////////|
8|/////////|
9|/////////|
—│—————————│
Set/delete mines marks (x and y coordinates): > 8 3 mine
 │123456789│
—│—————————│
1|/////////|
2|//////111|
3|//////1*1|
4|//////111|
5|/////////|
6|/////////|
7|/////////|
8|/////////|
9|/////////|
—│—————————│
Congratulations! You found all the mines!
?[1;31m
Start test 20?[0m
How many mines do you want on the field? > 1
 │123456789│
—│—————————│
1|.........|
2|.........|
3|.........|
4|.........|
5|.........|
6|.........|
7|.........|
8|.........|
9|.........|
—│—————————│
Set/delete mines marks (x and y coordinates): > 9 2 mine
 │123456789│
—│—————————│
1|.........|
2|........*|
3|.........|
4|.........|
5|.........|
6|.........|
7|.........|
8|.........|
9|.........|
—│—————————│
Set/delete mines marks (x and y coordinates): > 7 5 mine
 │123456789│
—│—————————│
1|.........|
2|........*|
3|.........|
4|.........|
5|......*..|
6|.........|
7|.........|
8|.........|
9|.........|
—│—————————│
Set/delete mines marks (x and y coordinates): > 7 8 free
 │123456789│
—│—————————│
1|/////////|
2|/////////|
3|/////////|
4|11///////|
5|.1///////|
6|11///////|
7|/////////|
8|/////////|
9|/////////|
—│—————————│
Set/delete mines marks (x and y coordinates): > 1 5 mine
 │123456789│
—│—————————│
1|/////////|
2|/////////|
3|/////////|
4|11///////|
5|*1///////|
6|11///////|
7|/////////|
8|/////////|
9|/////////|
—│—————————│
Set/delete mines marks (x and y coordinates): > 1 5 mine
 │123456789│
—│—————————│
1|/////////|
2|/////////|
3|/////////|
4|11///////|
5|.1///////|
6|11///////|
7|/////////|
8|/////////|
9|/////////|
—│—————————│
Set/delete mines marks (x and y coordinates): > 1 5 free
 │123456789│
—│—————————│
1|/////////|
2|/////////|
3|/////////|
4|11///////|
5|X1///////|
6|11///////|
7|/////////|
8|/////////|
9|/////////|
—│—————————│
You stepped on a mine and failed!
?[1;31m
Start test 21?[0m
How many mines do you want on the field? > 2
 │123456789│
—│—————————│
1|.........|
2|.........|
3|.........|
4|.........|
5|.........|
6|.........|
7|.........|
8|.........|
9|.........|
—│—————————│
Set/delete mines marks (x and y coordinates): > 7 8 free
 │123456789│
—│—————————│
1|//////111|
2|//////1.1|
3|//////111|
4|/////////|
5|//////111|
6|//////1.1|
7|//////111|
8|/////////|
9|/////////|
—│—————————│
Set/delete mines marks (x and y coordinates): > 8 6 free
 │123456789│
—│—————————│
1|//////111|
2|//////1X1|
3|//////111|
4|/////////|
5|//////111|
6|//////1X1|
7|//////111|
8|/////////|
9|/////////|
—│—————————│
You stepped on a mine and failed!
?[1;31m
Start test 22?[0m
How many mines do you want on the field? > 2
 │123456789│
—│—————————│
1|.........|
2|.........|
3|.........|
4|.........|
5|.........|
6|.........|
7|.........|
8|.........|
9|.........|
—│—————————│
Set/delete mines marks (x and y coordinates): > 6 5 mine
 │123456789│
—│—————————│
1|.........|
2|.........|
3|.........|
4|.........|
5|.....*...|
6|.........|
7|.........|
8|.........|
9|.........|
—│—————————│
Set/delete mines marks (x and y coordinates): > 9 1 free
 │123456789│
—│—————————│
1|........X|
2|.........|
3|.........|
4|.........|
5|.....*...|
6|.........|
7|.........|
8|.........|
9|..X......|
—│—————————│
You stepped on a mine and failed!
?[1;31m
Start test 23?[0m
How many mines do you want on the field? > 2
 │123456789│
—│—————————│
1|.........|
2|.........|
3|.........|
4|.........|
5|.........|
6|.........|
7|.........|
8|.........|
9|.........|
—│—————————│
Set/delete mines marks (x and y coordinates): > 4 4 mine
 │123456789│
—│—————————│
1|.........|
2|.........|
3|.........|
4|...*.....|
5|.........|
6|.........|
7|.........|
8|.........|
9|.........|
—│—————————│
Set/delete mines marks (x and y coordinates): > 7 4 free
 │123456789│
—│—————————│
1|.........|
2|.........|
3|.........|
4|...*..1..|
5|.........|
6|.........|
7|.........|
8|.........|
9|.........|
—│—————————│
Set/delete mines marks (x and y coordinates): > 9 6 free
 │123456789│
—│—————————│
1|/////////|
2|//////111|
3|//////1.1|
4|//////111|
5|/////////|
6|/////////|
7|/////////|
8|//111////|
9|//1.1////|
—│—————————│
Set/delete mines marks (x and y coordinates): > 8 3 mine
 │123456789│
—│—————————│
1|/////////|
2|//////111|
3|//////1*1|
4|//////111|
5|/////////|
6|/////////|
7|/////////|
8|//111////|
9|//1.1////|
—│—————————│
Set/delete mines marks (x and y coordinates): > 4 9 mine
 │123456789│
—│—————————│
1|/////////|
2|//////111|
3|//////1*1|
4|//////111|
5|/////////|
6|/////////|
7|/////////|
8|//111////|
9|//1*1////|
—│—————————│
Set/delete mines marks (x and y coordinates): > 4 9 mine
 │123456789│
—│—————————│
1|/////////|
2|//////111|
3|//////1*1|
4|//////111|
5|/////////|
6|/////////|
7|/////////|
8|//111////|
9|//1.1////|
—│—————————│
Set/delete mines marks (x and y coordinates): > 4 9 mine
 │123456789│
—│—————————│
1|/////////|
2|//////111|
3|//////1*1|
4|//////111|
5|/////////|
6|/////////|
7|/////////|
8|//111////|
9|//1*1////|
—│—————————│
Set/delete mines marks (x and y coordinates): > 4 9 mine
 │123456789│
—│—————————│
1|/////////|
2|//////111|
3|//////1*1|
4|//////111|
5|/////////|
6|/////////|
7|/////////|
8|//111////|
9|//1.1////|
—│—————————│
Set/delete mines marks (x and y coordinates): > 8 3 mine
 │123456789│
—│—————————│
1|/////////|
2|//////111|
3|//////1.1|
4|//////111|
5|/////////|
6|/////////|
7|/////////|
8|//111////|
9|//1.1////|
—│—————————│
Set/delete mines marks (x and y coordinates): > 4 9 free
 │123456789│
—│—————————│
1|/////////|
2|//////111|
3|//////1X1|
4|//////111|
5|/////////|
6|/////////|
7|/////////|
8|//111////|
9|//1X1////|
—│—————————│
You stepped on a mine and failed!
?[1;31m
Start test 24?[0m
How many mines do you want on the field? > 2
 │123456789│
—│—————————│
1|.........|
2|.........|
3|.........|
4|.........|
5|.........|
6|.........|
7|.........|
8|.........|
9|.........|
—│—————————│
Set/delete mines marks (x and y coordinates): > 2 3 free
 │123456789│
—│—————————│
1|//1.1////|
2|//111////|
3|/////////|
4|////111//|
5|////1.1//|
6|////111//|
7|/////////|
8|/////////|
9|/////////|
—│—————————│
Set/delete mines marks (x and y coordinates): > 4 1 free
 │123456789│
—│—————————│
1|//1X1////|
2|//111////|
3|/////////|
4|////111//|
5|////1X1//|
6|////111//|
7|/////////|
8|/////////|
9|/////////|
—│—————————│
You stepped on a mine and failed!
?[1;31m
Start test 25?[0m
How many mines do you want on the field? > 2
 │123456789│
—│—————————│
1|.........|
2|.........|
3|.........|
4|.........|
5|.........|
6|.........|
7|.........|
8|.........|
9|.........|
—│—————————│
Set/delete mines marks (x and y coordinates): > 8 1 free
 │123456789│
—│—————————│
1|/////////|
2|/////////|
3|/////////|
4|/////////|
5|///111///|
6|///1.211/|
7|///112.1/|
8|/////111/|
9|/////////|
—│—————————│
Set/delete mines marks (x and y coordinates): > 5 6 mine
 │123456789│
—│—————————│
1|/////////|
2|/////////|
3|/////////|
4|/////////|
5|///111///|
6|///1*211/|
7|///112.1/|
8|/////111/|
9|/////////|
—│—————————│
Set/delete mines marks (x and y coordinates): > 5 6 mine
 │123456789│
—│—————————│
1|/////////|
2|/////////|
3|/////////|
4|/////////|
5|///111///|
6|///1.211/|
7|///112.1/|
8|/////111/|
9|/////////|
—│—————————│
Set/delete mines marks (x and y coordinates): > 5 6 free
 │123456789│
—│—————————│
1|/////////|
2|/////////|
3|/////////|
4|/////////|
5|///111///|
6|///1X211/|
7|///112X1/|
8|/////111/|
9|/////////|
—│—————————│
You stepped on a mine and failed!
?[1;31m
Start test 26?[0m
How many mines do you want on the field? > 2
 │123456789│
—│—————————│
1|.........|
2|.........|
3|.........|
4|.........|
5|.........|
6|.........|
7|.........|
8|.........|
9|.........|
—│—————————│
Set/delete mines marks (x and y coordinates): > 1 4 free
 │123456789│
—│—————————│
1|///////1.|
2|///////11|
3|/////////|
4|/////////|
5|/////////|
6|/////////|
7|/////////|
8|////111//|
9|////1.1//|
—│—————————│
Set/delete mines marks (x and y coordinates): > 9 1 free
 │123456789│
—│—————————│
1|///////1X|
2|///////11|
3|/////////|
4|/////////|
5|/////////|
6|/////////|
7|/////////|
8|////111//|
9|////1X1//|
—│—————————│
You stepped on a mine and failed!
?[1;31m
Start test 27?[0m
How many mines do you want on the field? > 2
 │123456789│
—│—————————│
1|.........|
2|.........|
3|.........|
4|.........|
5|.........|
6|.........|
7|.........|
8|.........|
9|.........|
—│—————————│
Set/delete mines marks (x and y coordinates): > 1 4 free
 │123456789│
—│—————————│
1|/////1.1/|
2|/////111/|
3|/////////|
4|/////////|
5|/////////|
6|11///////|
7|.1///////|
8|11///////|
9|/////////|
—│—————————│
Set/delete mines marks (x and y coordinates): > 7 1 free
 │123456789│
—│—————————│
1|/////1X1/|
2|/////111/|
3|/////////|
4|/////////|
5|/////////|
6|11///////|
7|X1///////|
8|11///////|
9|/////////|
—│—————————│
You stepped on a mine and failed!
?[1;31m
Start test 28?[0m
How many mines do you want on the field? > 2
 │123456789│
—│—————————│
1|.........|
2|.........|
3|.........|
4|.........|
5|.........|
6|.........|
7|.........|
8|.........|
9|.........|
—│—————————│
Set/delete mines marks (x and y coordinates): > 8 7 free
 │123456789│
—│—————————│
1|.....X...|
2|.........|
3|.........|
4|.........|
5|.........|
6|.........|
7|.......X.|
8|.........|
9|.........|
—│—————————│
You stepped on a mine and failed!
?[1;31m
Start test 29?[0m
How many mines do you want on the field? > 2
 │123456789│
—│—————————│
1|.........|
2|.........|
3|.........|
4|.........|
5|.........|
6|.........|
7|.........|
8|.........|
9|.........|
—│—————————│
Set/delete mines marks (x and y coordinates): > 1 9 free
 │123456789│
—│—————————│
1|.........|
2|.........|
3|.........|
4|.........|
5|.........|
6|.........|
7|.........|
8|.........|
9|1........|
—│—————————│
Set/delete mines marks (x and y coordinates): > 6 2 free
 │123456789│
—│—————————│
1|/////////|
2|/////////|
3|/////////|
4|/////////|
5|/////////|
6|/////////|
7|11//111//|
8|.1//1.1//|
9|11//111//|
—│—————————│
Set/delete mines marks (x and y coordinates): > 6 8 free
 │123456789│
—│—————————│
1|/////////|
2|/////////|
3|/////////|
4|/////////|
5|/////////|
6|/////////|
7|11//111//|
8|X1//1X1//|
9|11//111//|
—│—————————│
You stepped on a mine and failed!
?[1;31m
Start test 30?[0m
How many mines do you want on the field? > 2
 │123456789│
—│—————————│
1|.........|
2|.........|
3|.........|
4|.........|
5|.........|
6|.........|
7|.........|
8|.........|
9|.........|
—│—————————│
Set/delete mines marks (x and y coordinates): > 8 2 free
 │123456789│
—│—————————│
1|11///////|
2|.1///////|
3|11///////|
4|/////////|
5|/////////|
6|11///////|
7|.1///////|
8|11///////|
9|/////////|
—│—————————│
Set/delete mines marks (x and y coordinates): > 1 7 free
 │123456789│
—│—————————│
1|11///////|
2|X1///////|
3|11///////|
4|/////////|
5|/////////|
6|11///////|
7|X1///////|
8|11///////|
9|/////////|
—│—————————│
You stepped on a mine and failed!
?[1;31m
Start test 31?[0m
How many mines do you want on the field? > 2
 │123456789│
—│—————————│
1|.........|
2|.........|
3|.........|
4|.........|
5|.........|
6|.........|
7|.........|
8|.........|
9|.........|
—│—————————│
Set/delete mines marks (x and y coordinates): > 2 3 free
 │123456789│
—│—————————│
1|/1.1/////|
2|/111/111/|
3|/////1.1/|
4|/////111/|
5|/////////|
6|/////////|
7|/////////|
8|/////////|
9|/////////|
—│—————————│
Set/delete mines marks (x and y coordinates): > 3 1 free
 │123456789│
—│—————————│
1|/1X1/////|
2|/111/111/|
3|/////1X1/|
4|/////111/|
5|/////////|
6|/////////|
7|/////////|
8|/////////|
9|/////////|
—│—————————│
You stepped on a mine and failed!
?[1;31m
Start test 32?[0m
How many mines do you want on the field? > 2
 │123456789│
—│—————————│
1|.........|
2|.........|
3|.........|
4|.........|
5|.........|
6|.........|
7|.........|
8|.........|
9|.........|
—│—————————│
Set/delete mines marks (x and y coordinates): > 7 7 free
 │123456789│
—│—————————│
1|/////////|
2|111//////|
3|1.1//////|
4|111//////|
5|/////////|
6|/////////|
7|/////////|
8|//////111|
9|//////1.1|
—│—————————│
Set/delete mines marks (x and y coordinates): > 2 3 free
 │123456789│
—│—————————│
1|/////////|
2|111//////|
3|1X1//////|
4|111//////|
5|/////////|
6|/////////|
7|/////////|
8|//////111|
9|//////1X1|
—│—————————│
You stepped on a mine and failed!
?[1;31m
Start test 33?[0m
How many mines do you want on the field? > 2
 │123456789│
—│—————————│
1|.........|
2|.........|
3|.........|
4|.........|
5|.........|
6|.........|
7|.........|
8|.........|
9|.........|
—│—————————│
Set/delete mines marks (x and y coordinates): > 3 8 mine
 │123456789│
—│—————————│
1|.........|
2|.........|
3|.........|
4|.........|
5|.........|
6|.........|
7|.........|
8|..*......|
9|.........|
—│—————————│
Set/delete mines marks (x and y coordinates): > 2 7 free
 │123456789│
—│—————————│
1|/////////|
2|/////////|
3|/////////|
4|/////////|
5|/////////|
6|//111////|
7|//1.1////|
8|11111////|
9|.1///////|
—│—————————│
Set/delete mines marks (x and y coordinates): > 1 9 mine
 │123456789│
—│—————————│
1|/////////|
2|/////////|
3|/////////|
4|/////////|
5|/////////|
6|//111////|
7|//1.1////|
8|11111////|
9|*1///////|
—│—————————│
Set/delete mines marks (x and y coordinates): > 4 7 mine
 │123456789│
—│—————————│
1|/////////|
2|/////////|
3|/////////|
4|/////////|
5|/////////|
6|//111////|
7|//1*1////|
8|11111////|
9|*1///////|
—│—————————│
Set/delete mines marks (x and y coordinates): > 4 7 mine
 │123456789│
—│—————————│
1|/////////|
2|/////////|
3|/////////|
4|/////////|
5|/////////|
6|//111////|
7|//1.1////|
8|11111////|
9|*1///////|
—│—————————│
Set/delete mines marks (x and y coordinates): > 4 7 free
 │123456789│
—│—————————│
1|/////////|
2|/////////|
3|/////////|
4|/////////|
5|/////////|
6|//111////|
7|//1X1////|
8|11111////|
9|X1///////|
—│—————————│
You stepped on a mine and failed!
?[1;31m
Start test 34?[0m
How many mines do you want on the field? > 2
 │123456789│
—│—————————│
1|.........|
2|.........|
3|.........|
4|.........|
5|.........|
6|.........|
7|.........|
8|.........|
9|.........|
—│—————————│
Set/delete mines marks (x and y coordinates): > 4 4 mine
 │123456789│
—│—————————│
1|.........|
2|.........|
3|.........|
4|...*.....|
5|.........|
6|.........|
7|.........|
8|.........|
9|.........|
—│—————————│
Set/delete mines marks (x and y coordinates): > 3 6 free
 │123456789│
—│—————————│
1|.........|
2|.........|
3|.........|
4|...*.....|
5|.........|
6|..1......|
7|.........|
8|.........|
9|.........|
—│—————————│
Set/delete mines marks (x and y coordinates): > 9 1 free
 │123456789│
—│—————————│
1|/////////|
2|/////////|
3|////111//|
4|////1.1//|
5|111/111//|
6|1.1//////|
7|111//////|
8|/////////|
9|/////////|
—│—————————│
Set/delete mines marks (x and y coordinates): > 6 4 free
 │123456789│
—│—————————│
1|/////////|
2|/////////|
3|////111//|
4|////1X1//|
5|111/111//|
6|1X1//////|
7|111//////|
8|/////////|
9|/////////|
—│—————————│
You stepped on a mine and failed!
?[1;31m
Start test 35?[0m
How many mines do you want on the field? > 2
 │123456789│
—│—————————│
1|.........|
2|.........|
3|.........|
4|.........|
5|.........|
6|.........|
7|.........|
8|.........|
9|.........|
—│—————————│
Set/delete mines marks (x and y coordinates): > 2 2 free
 │123456789│
—│—————————│
1|/////////|
2|/////////|
3|/////////|
4|/////////|
5|/////////|
6|/111/////|
7|12.1/////|
8|1.21/////|
9|111//////|
—│—————————│
Set/delete mines marks (x and y coordinates): > 2 8 free
 │123456789│
—│—————————│
1|/////////|
2|/////////|
3|/////////|
4|/////////|
5|/////////|
6|/111/////|
7|12X1/////|
8|1X21/////|
9|111//////|
—│—————————│
You stepped on a mine and failed!
?[1;31m
Start test 36?[0m
How many mines do you want on the field? > 2
 │123456789│
—│—————————│
1|.........|
2|.........|
3|.........|
4|.........|
5|.........|
6|.........|
7|.........|
8|.........|
9|.........|
—│—————————│
Set/delete mines marks (x and y coordinates): > 2 8 free
 │123456789│
—│—————————│
1|/////////|
2|/////////|
3|//////111|
4|//////1.1|
5|//////222|
6|//////1.1|
7|//////111|
8|/////////|
9|/////////|
—│—————————│
Set/delete mines marks (x and y coordinates): > 8 6 mine
 │123456789│
—│—————————│
1|/////////|
2|/////////|
3|//////111|
4|//////1.1|
5|//////222|
6|//////1*1|
7|//////111|
8|/////////|
9|/////////|
—│—————————│
Set/delete mines marks (x and y coordinates): > 8 4 mine
 │123456789│
—│—————————│
1|/////////|
2|/////////|
3|//////111|
4|//////1*1|
5|//////222|
6|//////1*1|
7|//////111|
8|/////////|
9|/////////|
—│—————————│
Congratulations! You found all the mines!
?[1;31m
Start test 37?[0m
How many mines do you want on the field? > 2
 │123456789│
—│—————————│
1|.........|
2|.........|
3|.........|
4|.........|
5|.........|
6|.........|
7|.........|
8|.........|
9|.........|
—│—————————│
Set/delete mines marks (x and y coordinates): > 4 4 free
 │123456789│
—│—————————│
1|///////11|
2|///////1.|
3|///////11|
4|/////////|
5|/////////|
6|/////////|
7|//111////|
8|//1.1////|
9|//111////|
—│—————————│
Set/delete mines marks (x and y coordinates): > 9 2 free
 │123456789│
—│—————————│
1|///////11|
2|///////1X|
3|///////11|
4|/////////|
5|/////////|
6|/////////|
7|//111////|
8|//1X1////|
9|//111////|
—│—————————│
You stepped on a mine and failed!
?[1;31m
Start test 38?[0m
How many mines do you want on the field? > 2
 │123456789│
—│—————————│
1|.........|
2|.........|
3|.........|
4|.........|
5|.........|
6|.........|
7|.........|
8|.........|
9|.........|
—│—————————│
Set/delete mines marks (x and y coordinates): > 8 2 free
 │123456789│
—│—————————│
1|.........|
2|.......X.|
3|.........|
4|.........|
5|.........|
6|.........|
7|.........|
8|.X.......|
9|.........|
—│—————————│
You stepped on a mine and failed!
?[1;31m
Start test 39?[0m
How many mines do you want on the field? > 2
 │123456789│
—│—————————│
1|.........|
2|.........|
3|.........|
4|.........|
5|.........|
6|.........|
7|.........|
8|.........|
9|.........|
—│—————————│
Set/delete mines marks (x and y coordinates): > 8 6 free
 │123456789│
—│—————————│
1|.1///////|
2|11///////|
3|/////////|
4|/////////|
5|/111/////|
6|/1.1/////|
7|/111/////|
8|/////////|
9|/////////|
—│—————————│
Set/delete mines marks (x and y coordinates): > 3 6 mine
 │123456789│
—│—————————│
1|.1///////|
2|11///////|
3|/////////|
4|/////////|
5|/111/////|
6|/1*1/////|
7|/111/////|
8|/////////|
9|/////////|
—│—————————│
Set/delete mines marks (x and y coordinates): > 3 6 mine
 │123456789│
—│—————————│
1|.1///////|
2|11///////|
3|/////////|
4|/////////|
5|/111/////|
6|/1.1/////|
7|/111/////|
8|/////////|
9|/////////|
—│—————————│
Set/delete mines marks (x and y coordinates): > 3 6 free
 │123456789│
—│—————————│
1|X1///////|
2|11///////|
3|/////////|
4|/////////|
5|/111/////|
6|/1X1/////|
7|/111/////|
8|/////////|
9|/////////|
—│—————————│
You stepped on a mine and failed!
?[1;31m
Start test 40?[0m
How many mines do you want on the field? > 2
 │123456789│
—│—————————│
1|.........|
2|.........|
3|.........|
4|.........|
5|.........|
6|.........|
7|.........|
8|.........|
9|.........|
—│—————————│
Set/delete mines marks (x and y coordinates): > 1 7 mine
 │123456789│
—│—————————│
1|.........|
2|.........|
3|.........|
4|.........|
5|.........|
6|.........|
7|*........|
8|.........|
9|.........|
—│—————————│
Set/delete mines marks (x and y coordinates): > 2 3 mine
 │123456789│
—│—————————│
1|.........|
2|.........|
3|.*.......|
4|.........|
5|.........|
6|.........|
7|*........|
8|.........|
9|.........|
—│—————————│
Set/delete mines marks (x and y coordinates): > 2 4 mine
 │123456789│
—│—————————│
1|.........|
2|.........|
3|.*.......|
4|.*.......|
5|.........|
6|.........|
7|*........|
8|.........|
9|.........|
—│—————————│
Set/delete mines marks (x and y coordinates): > 7 3 free
 │123456789│
—│—————————│
1|/////////|
2|/////////|
3|111//////|
4|1*1//111/|
5|111//1.1/|
6|/////111/|
7|/////////|
8|/////////|
9|/////////|
—│—————————│
Set/delete mines marks (x and y coordinates): > 2 4 mine
 │123456789│
—│—————————│
1|/////////|
2|/////////|
3|111//////|
4|1.1//111/|
5|111//1.1/|
6|/////111/|
7|/////////|
8|/////////|
9|/////////|
—│—————————│
Set/delete mines marks (x and y coordinates): > 7 5 free
 │123456789│
—│—————————│
1|/////////|
2|/////////|
3|111//////|
4|1X1//111/|
5|111//1X1/|
6|/////111/|
7|/////////|
8|/////////|
9|/////////|
—│—————————│
You stepped on a mine and failed!
?[1;31m
Start test 41?[0m
How many mines do you want on the field? > 3
 │123456789│
—│—————————│
1|.........|
2|.........|
3|.........|
4|.........|
5|.........|
6|.........|
7|.........|
8|.........|
9|.........|
—│—————————│
Set/delete mines marks (x and y coordinates): > 5 1 free
 │123456789│
—│—————————│
1|/////////|
2|11///////|
3|.1///////|
4|11///////|
5|/////111/|
6|/////1.1/|
7|/////111/|
8|111//////|
9|1.1//////|
—│—————————│
Set/delete mines marks (x and y coordinates): > 2 9 mine
 │123456789│
—│—————————│
1|/////////|
2|11///////|
3|.1///////|
4|11///////|
5|/////111/|
6|/////1.1/|
7|/////111/|
8|111//////|
9|1*1//////|
—│—————————│
Set/delete mines marks (x and y coordinates): > 1 3 free
 │123456789│
—│—————————│
1|/////////|
2|11///////|
3|X1///////|
4|11///////|
5|/////111/|
6|/////1X1/|
7|/////111/|
8|111//////|
9|1X1//////|
—│—————————│
You stepped on a mine and failed!
?[1;31m
Start test 42?[0m
How many mines do you want on the field? > 3
 │123456789│
—│—————————│
1|.........|
2|.........|
3|.........|
4|.........|
5|.........|
6|.........|
7|.........|
8|.........|
9|.........|
—│—————————│
Set/delete mines marks (x and y coordinates): > 6 6 mine
 │123456789│
—│—————————│
1|.........|
2|.........|
3|.........|
4|.........|
5|.........|
6|.....*...|
7|.........|
8|.........|
9|.........|
—│—————————│
Set/delete mines marks (x and y coordinates): > 6 6 mine
 │123456789│
—│—————————│
1|.........|
2|.........|
3|.........|
4|.........|
5|.........|
6|.........|
7|.........|
8|.........|
9|.........|
—│—————————│
Set/delete mines marks (x and y coordinates): > 6 2 mine
 │123456789│
—│—————————│
1|.........|
2|.....*...|
3|.........|
4|.........|
5|.........|
6|.........|
7|.........|
8|.........|
9|.........|
—│—————————│
Set/delete mines marks (x and y coordinates): > 9 9 free
 │123456789│
—│—————————│
1|1.1//////|
2|111//////|
3|/////////|
4|/////111/|
5|111//1.1/|
6|1.1//111/|
7|111//////|
8|/////////|
9|/////////|
—│—————————│
Set/delete mines marks (x and y coordinates): > 7 5 free
 │123456789│
—│—————————│
1|1X1//////|
2|111//////|
3|/////////|
4|/////111/|
5|111//1X1/|
6|1X1//111/|
7|111//////|
8|/////////|
9|/////////|
—│—————————│
You stepped on a mine and failed!
?[1;31m
Start test 43?[0m
How many mines do you want on the field? > 3
 │123456789│
—│—————————│
1|.........|
2|.........|
3|.........|
4|.........|
5|.........|
6|.........|
7|.........|
8|.........|
9|.........|
—│—————————│
Set/delete mines marks (x and y coordinates): > 5 2 mine
 │123456789│
—│—————————│
1|.........|
2|....*....|
3|.........|
4|.........|
5|.........|
6|.........|
7|.........|
8|.........|
9|.........|
—│—————————│
Set/delete mines marks (x and y coordinates): > 8 1 free
 │123456789│
—│—————————│
1|/////////|
2|/////////|
3|/////////|
4|////111//|
5|////1.1//|
6|////11111|
7|111////1.|
8|1.1////11|
9|111//////|
—│—————————│
Set/delete mines marks (x and y coordinates): > 2 8 free
 │123456789│
—│—————————│
1|/////////|
2|/////////|
3|/////////|
4|////111//|
5|////1X1//|
6|////11111|
7|111////1X|
8|1X1////11|
9|111//////|
—│—————————│
You stepped on a mine and failed!
?[1;31m
Start test 44?[0m
How many mines do you want on the field? > 3
 │123456789│
—│—————————│
1|.........|
2|.........|
3|.........|
4|.........|
5|.........|
6|.........|
7|.........|
8|.........|
9|.........|
—│—————————│
Set/delete mines marks (x and y coordinates): > 2 4 free
 │123456789│
—│—————————│
1|/////////|
2|/////////|
3|/////////|
4|/////111/|
5|/////1.1/|
6|////1221/|
7|////1.1//|
8|111/111//|
9|1.1//////|
—│—————————│
Set/delete mines marks (x and y coordinates): > 6 7 free
 │123456789│
—│—————————│
1|/////////|
2|/////////|
3|/////////|
4|/////111/|
5|/////1X1/|
6|////1221/|
7|////1X1//|
8|111/111//|
9|1X1//////|
—│—————————│
You stepped on a mine and failed!
?[1;31m
Start test 45?[0m
How many mines do you want on the field? > 3
 │123456789│
—│—————————│
1|.........|
2|.........|
3|.........|
4|.........|
5|.........|
6|.........|
7|.........|
8|.........|
9|.........|
—│—————————│
Set/delete mines marks (x and y coordinates): > 1 7 mine
 │123456789│
—│—————————│
1|.........|
2|.........|
3|.........|
4|.........|
5|.........|
6|.........|
7|*........|
8|.........|
9|.........|
—│—————————│
Set/delete mines marks (x and y coordinates): > 5 5 mine
 │123456789│
—│—————————│
1|.........|
2|.........|
3|.........|
4|.........|
5|....*....|
6|.........|
7|*........|
8|.........|
9|.........|
—│—————————│
Set/delete mines marks (x and y coordinates): > 4 6 mine
 │123456789│
—│—————————│
1|.........|
2|.........|
3|.........|
4|.........|
5|....*....|
6|...*.....|
7|*........|
8|.........|
9|.........|
—│—————————│
Set/delete mines marks (x and y coordinates): > 2 6 free
 │123456789│
—│—————————│
1|//1.1111/|
2|//1111.1/|
3|/////111/|
4|/////////|
5|/////////|
6|/////////|
7|11///////|
8|.1///////|
9|11///////|
—│—————————│
Set/delete mines marks (x and y coordinates): > 4 1 mine
 │123456789│
—│—————————│
1|//1*1111/|
2|//1111.1/|
3|/////111/|
4|/////////|
5|/////////|
6|/////////|
7|11///////|
8|.1///////|
9|11///////|
—│—————————│
Set/delete mines marks (x and y coordinates): > 4 1 mine
 │123456789│
—│—————————│
1|//1.1111/|
2|//1111.1/|
3|/////111/|
4|/////////|
5|/////////|
6|/////////|
7|11///////|
8|.1///////|
9|11///////|
—│—————————│
Set/delete mines marks (x and y coordinates): > 1 8 free
 │123456789│
—│—————————│
1|//1X1111/|
2|//1111X1/|
3|/////111/|
4|/////////|
5|/////////|
6|/////////|
7|11///////|
8|X1///////|
9|11///////|
—│—————————│
You stepped on a mine and failed!
?[1;31m
Start test 46?[0m
How many mines do you want on the field? > 3
 │123456789│
—│—————————│
1|.........|
2|.........|
3|.........|
4|.........|
5|.........|
6|.........|
7|.........|
8|.........|
9|.........|
—│—————————│
Set/delete mines marks (x and y coordinates): > 6 6 free
 │123456789│
—│—————————│
1|/1.1/////|
2|/222/////|
3|/1.1/////|
4|/1221////|
5|//1.1////|
6|//111////|
7|/////////|
8|/////////|
9|/////////|
—│—————————│
Set/delete mines marks (x and y coordinates): > 3 3 mine
 │123456789│
—│—————————│
1|/1.1/////|
2|/222/////|
3|/1*1/////|
4|/1221////|
5|//1.1////|
6|//111////|
7|/////////|
8|/////////|
9|/////////|
—│—————————│
Set/delete mines marks (x and y coordinates): > 3 3 mine
 │123456789│
—│—————————│
1|/1.1/////|
2|/222/////|
3|/1.1/////|
4|/1221////|
5|//1.1////|
6|//111////|
7|/////////|
8|/////////|
9|/////////|
—│—————————│
Set/delete mines marks (x and y coordinates): > 4 5 free
 │123456789│
—│—————————│
1|/1X1/////|
2|/222/////|
3|/1X1/////|
4|/1221////|
5|//1X1////|
6|//111////|
7|/////////|
8|/////////|
9|/////////|
—│—————————│
You stepped on a mine and failed!
?[1;31m
Start test 47?[0m
How many mines do you want on the field? > 3
 │123456789│
—│—————————│
1|.........|
2|.........|
3|.........|
4|.........|
5|.........|
6|.........|
7|.........|
8|.........|
9|.........|
—│—————————│
Set/delete mines marks (x and y coordinates): > 9 1 free
 │123456789│
—│—————————│
1|/////////|
2|11///////|
3|.21//////|
4|2.1//////|
5|111//////|
6|/////////|
7|/111/////|
8|/1.1/////|
9|/111/////|
—│—————————│
Set/delete mines marks (x and y coordinates): > 2 4 free
 │123456789│
—│—————————│
1|/////////|
2|11///////|
3|X21//////|
4|2X1//////|
5|111//////|
6|/////////|
7|/111/////|
8|/1X1/////|
9|/111/////|
—│—————————│
You stepped on a mine and failed!
?[1;31m
Start test 48?[0m
How many mines do you want on the field? > 3
 │123456789│
—│—————————│
1|.........|
2|.........|
3|.........|
4|.........|
5|.........|
6|.........|
7|.........|
8|.........|
9|.........|
—│—————————│
Set/delete mines marks (x and y coordinates): > 9 3 free
 │123456789│
—│—————————│
1|.........|
2|.........|
3|........1|
4|.........|
5|.........|
6|.........|
7|.........|
8|.........|
9|.........|
—│—————————│
Set/delete mines marks (x and y coordinates): > 6 7 mine
 │123456789│
—│—————————│
1|.........|
2|.........|
3|........1|
4|.........|
5|.........|
6|.........|
7|.....*...|
8|.........|
9|.........|
—│—————————│
Set/delete mines marks (x and y coordinates): > 6 7 mine
 │123456789│
—│—————————│
1|.........|
2|.........|
3|........1|
4|.........|
5|.........|
6|.........|
7|.........|
8|.........|
9|.........|
—│—————————│
Set/delete mines marks (x and y coordinates): > 2 9 free
 │123456789│
—│—————————│
1|.........|
2|.........|
3|.......X1|
4|..X......|
5|.........|
6|.........|
7|.........|
8|.........|
9|.X.......|
—│—————————│
You stepped on a mine and failed!
?[1;31m
Start test 49?[0m
How many mines do you want on the field? > 3
 │123456789│
—│—————————│
1|.........|
2|.........|
3|.........|
4|.........|
5|.........|
6|.........|
7|.........|
8|.........|
9|.........|
—│—————————│
Set/delete mines marks (x and y coordinates): > 4 9 mine
 │123456789│
—│—————————│
1|.........|
2|.........|
3|.........|
4|.........|
5|.........|
6|.........|
7|.........|
8|.........|
9|...*.....|
—│—————————│
Set/delete mines marks (x and y coordinates): > 6 8 free
 │123456789│
—│—————————│
1|.1///////|
2|11///////|
3|/////////|
4|/1221////|
5|/1..1////|
6|/1221////|
7|/////////|
8|/////////|
9|/////////|
—│—————————│
Set/delete mines marks (x and y coordinates): > 3 5 mine
 │123456789│
—│—————————│
1|.1///////|
2|11///////|
3|/////////|
4|/1221////|
5|/1*.1////|
6|/1221////|
7|/////////|
8|/////////|
9|/////////|
—│—————————│
Set/delete mines marks (x and y coordinates): > 4 5 free
 │123456789│
—│—————————│
1|X1///////|
2|11///////|
3|/////////|
4|/1221////|
5|/1XX1////|
6|/1221////|
7|/////////|
8|/////////|
9|/////////|
—│—————————│
You stepped on a mine and failed!
?[1;31m
Start test 50?[0m
How many mines do you want on the field? > 3
 │123456789│
—│—————————│
1|.........|
2|.........|
3|.........|
4|.........|
5|.........|
6|.........|
7|.........|
8|.........|
9|.........|
—│—————————│
Set/delete mines marks (x and y coordinates): > 7 3 mine
 │123456789│
—│—————————│
1|.........|
2|.........|
3|......*..|
4|.........|
5|.........|
6|.........|
7|.........|
8|.........|
9|.........|
—│—————————│
Set/delete mines marks (x and y coordinates): > 8 4 mine
 │123456789│
—│—————————│
1|.........|
2|.........|
3|......*..|
4|.......*.|
5|.........|
6|.........|
7|.........|
8|.........|
9|.........|
—│—————————│
Set/delete mines marks (x and y coordinates): > 4 7 free
 │123456789│
—│—————————│
1|///111///|
2|///1.1///|
3|/11211///|
4|/1.1/////|
5|/111/////|
6|///////11|
7|///////1.|
8|///////11|
9|/////////|
—│—————————│
Set/delete mines marks (x and y coordinates): > 5 2 mine
 │123456789│
—│—————————│
1|///111///|
2|///1*1///|
3|/11211///|
4|/1.1/////|
5|/111/////|
6|///////11|
7|///////1.|
8|///////11|
9|/////////|
—│—————————│
Set/delete mines marks (x and y coordinates): > 9 7 mine
 │123456789│
—│—————————│
1|///111///|
2|///1*1///|
3|/11211///|
4|/1.1/////|
5|/111/////|
6|///////11|
7|///////1*|
8|///////11|
9|/////////|
—│—————————│
Set/delete mines marks (x and y coordinates): > 3 4 free
 │123456789│
—│—————————│
1|///111///|
2|///1X1///|
3|/11211///|
4|/1X1/////|
5|/111/////|
6|///////11|
7|///////1X|
8|///////11|
9|/////////|
—│—————————│
You stepped on a mine and failed!
?[1;31m
Start test 51?[0m
How many mines do you want on the field? > 3
 │123456789│
—│—————————│
1|.........|
2|.........|
3|.........|
4|.........|
5|.........|
6|.........|
7|.........|
8|.........|
9|.........|
—│—————————│
Set/delete mines marks (x and y coordinates): > 7 6 free
 │123456789│
—│—————————│
1|/////////|
2|11///////|
3|.1///////|
4|11///////|
5|/////////|
6|/////////|
7|11///////|
8|.1//111//|
9|11//1.1//|
—│—————————│
Set/delete mines marks (x and y coordinates): > 1 3 free
 │123456789│
—│—————————│
1|/////////|
2|11///////|
3|X1///////|
4|11///////|
5|/////////|
6|/////////|
7|11///////|
8|X1//111//|
9|11//1X1//|
—│—————————│
You stepped on a mine and failed!
?[1;31m
Start test 52?[0m
How many mines do you want on the field? > 3
 │123456789│
—│—————————│
1|.........|
2|.........|
3|.........|
4|.........|
5|.........|
6|.........|
7|.........|
8|.........|
9|.........|
—│—————————│
Set/delete mines marks (x and y coordinates): > 7 1 mine
 │123456789│
—│—————————│
1|......*..|
2|.........|
3|.........|
4|.........|
5|.........|
6|.........|
7|.........|
8|.........|
9|.........|
—│—————————│
Set/delete mines marks (x and y coordinates): > 6 5 mine
 │123456789│
—│—————————│
1|......*..|
2|.........|
3|.........|
4|.........|
5|.....*...|
6|.........|
7|.........|
8|.........|
9|.........|
—│—————————│
Set/delete mines marks (x and y coordinates): > 3 1 free
 │123456789│
—│—————————│
1|///////1.|
2|///////11|
3|/////111/|
4|/////1.1/|
5|/////111/|
6|/////111/|
7|/////1.1/|
8|/////111/|
9|/////////|
—│—————————│
Set/delete mines marks (x and y coordinates): > 9 1 free
 │123456789│
—│—————————│
1|///////1X|
2|///////11|
3|/////111/|
4|/////1X1/|
5|/////111/|
6|/////111/|
7|/////1X1/|
8|/////111/|
9|/////////|
—│—————————│
You stepped on a mine and failed!
?[1;31m
Start test 53?[0m
How many mines do you want on the field? > 3
 │123456789│
—│—————————│
1|.........|
2|.........|
3|.........|
4|.........|
5|.........|
6|.........|
7|.........|
8|.........|
9|.........|
—│—————————│
Set/delete mines marks (x and y coordinates): > 6 4 free
 │123456789│
—│—————————│
1|/111/////|
2|/1.1/////|
3|/111/////|
4|/////////|
5|/////////|
6|///111///|
7|///1.1///|
8|/11211///|
9|/1.1/////|
—│—————————│
Set/delete mines marks (x and y coordinates): > 3 2 free
 │123456789│
—│—————————│
1|/111/////|
2|/1X1/////|
3|/111/////|
4|/////////|
5|/////////|
6|///111///|
7|///1X1///|
8|/11211///|
9|/1X1/////|
—│—————————│
You stepped on a mine and failed!
?[1;31m
Start test 54?[0m
How many mines do you want on the field? > 3
 │123456789│
—│—————————│
1|.........|
2|.........|
3|.........|
4|.........|
5|.........|
6|.........|
7|.........|
8|.........|
9|.........|
—│—————————│
Set/delete mines marks (x and y coordinates): > 9 3 free
 │123456789│
—│—————————│
1|///////1.|
2|///////11|
3|/////////|
4|//111////|
5|//1.1////|
6|//111////|
7|/////////|
8|/111/////|
9|/1.1/////|
—│—————————│
Set/delete mines marks (x and y coordinates): > 9 1 free
 │123456789│
—│—————————│
1|///////1X|
2|///////11|
3|/////////|
4|//111////|
5|//1X1////|
6|//111////|
7|/////////|
8|/111/////|
9|/1X1/////|
—│—————————│
You stepped on a mine and failed!
?[1;31m
Start test 55?[0m
How many mines do you want on the field? > 3
 │123456789│
—│—————————│
1|.........|
2|.........|
3|.........|
4|.........|
5|.........|
6|.........|
7|.........|
8|.........|
9|.........|
—│—————————│
Set/delete mines marks (x and y coordinates): > 8 9 free
 │123456789│
—│—————————│
1|///1.1///|
2|11/111///|
3|.1/111///|
4|11/1.1///|
5|///111///|
6|/////////|
7|/////////|
8|/////////|
9|/////////|
—│—————————│
Set/delete mines marks (x and y coordinates): > 5 4 mine
 │123456789│
—│—————————│
1|///1.1///|
2|11/111///|
3|.1/111///|
4|11/1*1///|
5|///111///|
6|/////////|
7|/////////|
8|/////////|
9|/////////|
—│—————————│
Set/delete mines marks (x and y coordinates): > 5 1 free
 │123456789│
—│—————————│
1|///1X1///|
2|11/111///|
3|X1/111///|
4|11/1X1///|
5|///111///|
6|/////////|
7|/////////|
8|/////////|
9|/////////|
—│—————————│
You stepped on a mine and failed!
?[1;31m
Start test 56?[0m
How many mines do you want on the field? > 3
 │123456789│
—│—————————│
1|.........|
2|.........|
3|.........|
4|.........|
5|.........|
6|.........|
7|.........|
8|.........|
9|.........|
—│—————————│
Set/delete mines marks (x and y coordinates): > 6 1 free
 │123456789│
—│—————————│
1|///////11|
2|//111//1.|
3|//1.1//11|
4|//111////|
5|/////111/|
6|/////1.1/|
7|/////111/|
8|/////////|
9|/////////|
—│—————————│
Set/delete mines marks (x and y coordinates): > 4 3 free
 │123456789│
—│—————————│
1|///////11|
2|//111//1X|
3|//1X1//11|
4|//111////|
5|/////111/|
6|/////1X1/|
7|/////111/|
8|/////////|
9|/////////|
—│—————————│
You stepped on a mine and failed!
?[1;31m
Start test 57?[0m
How many mines do you want on the field? > 3
 │123456789│
—│—————————│
1|.........|
2|.........|
3|.........|
4|.........|
5|.........|
6|.........|
7|.........|
8|.........|
9|.........|
—│—————————│
Set/delete mines marks (x and y coordinates): > 3 6 free
 │123456789│
—│—————————│
1|///111///|
2|///1.1///|
3|11/111///|
4|.1/////11|
5|11/////1.|
6|///////11|
7|/////////|
8|/////////|
9|/////////|
—│—————————│
Set/delete mines marks (x and y coordinates): > 1 4 free
 │123456789│
—│—————————│
1|///111///|
2|///1X1///|
3|11/111///|
4|X1/////11|
5|11/////1X|
6|///////11|
7|/////////|
8|/////////|
9|/////////|
—│—————————│
You stepped on a mine and failed!
?[1;31m
Start test 58?[0m
How many mines do you want on the field? > 3
 │123456789│
—│—————————│
1|.........|
2|.........|
3|.........|
4|.........|
5|.........|
6|.........|
7|.........|
8|.........|
9|.........|
—│—————————│
Set/delete mines marks (x and y coordinates): > 9 2 free
 │123456789│
—│—————————│
1|/////////|
2|/////////|
3|///////11|
4|///////1.|
5|/////1121|
6|/////1.1/|
7|////1221/|
8|////1.1//|
9|////111//|
—│—————————│
Set/delete mines marks (x and y coordinates): > 7 6 mine
 │123456789│
—│—————————│
1|/////////|
2|/////////|
3|///////11|
4|///////1.|
5|/////1121|
6|/////1*1/|
7|////1221/|
8|////1.1//|
9|////111//|
—│—————————│
Set/delete mines marks (x and y coordinates): > 9 4 free
 │123456789│
—│—————————│
1|/////////|
2|/////////|
3|///////11|
4|///////1X|
5|/////1121|
6|/////1X1/|
7|////1221/|
8|////1X1//|
9|////111//|
—│—————————│
You stepped on a mine and failed!
?[1;31m
Start test 59?[0m
How many mines do you want on the field? > 3
 │123456789│
—│—————————│
1|.........|
2|.........|
3|.........|
4|.........|
5|.........|
6|.........|
7|.........|
8|.........|
9|.........|
—│—————————│
Set/delete mines marks (x and y coordinates): > 6 9 mine
 │123456789│
—│—————————│
1|.........|
2|.........|
3|.........|
4|.........|
5|.........|
6|.........|
7|.........|
8|.........|
9|.....*...|
—│—————————│
Set/delete mines marks (x and y coordinates): > 7 3 mine
 │123456789│
—│—————————│
1|.........|
2|.........|
3|......*..|
4|.........|
5|.........|
6|.........|
7|.........|
8|.........|
9|.....*...|
—│—————————│
Set/delete mines marks (x and y coordinates): > 4 5 mine
 │123456789│
—│—————————│
1|.........|
2|.........|
3|......*..|
4|.........|
5|...*.....|
6|.........|
7|.........|
8|.........|
9|.....*...|
—│—————————│
Set/delete mines marks (x and y coordinates): > 6 9 mine
 │123456789│
—│—————————│
1|.........|
2|.........|
3|......*..|
4|.........|
5|...*.....|
6|.........|
7|.........|
8|.........|
9|.........|
—│—————————│
Set/delete mines marks (x and y coordinates): > 3 2 free
 │123456789│
—│—————————│
1|/////////|
2|/////////|
3|/////////|
4|/////////|
5|/////////|
6|//////111|
7|//////1.1|
8|11/111111|
9|.1/1.1///|
—│—————————│
Set/delete mines marks (x and y coordinates): > 8 7 free
 │123456789│
—│—————————│
1|/////////|
2|/////////|
3|/////////|
4|/////////|
5|/////////|
6|//////111|
7|//////1X1|
8|11/111111|
9|X1/1X1///|
—│—————————│
You stepped on a mine and failed!
?[1;31m
Start test 60?[0m
How many mines do you want on the field? > 3
 │123456789│
—│—————————│
1|.........|
2|.........|
3|.........|
4|.........|
5|.........|
6|.........|
7|.........|
8|.........|
9|.........|
—│—————————│
Set/delete mines marks (x and y coordinates): > 9 5 free
 │123456789│
—│—————————│
1|//////111|
2|//////1.1|
3|//////111|
4|/////////|
5|11///////|
6|.1///////|
7|22///////|
8|.1///////|
9|11///////|
—│—————————│
Set/delete mines marks (x and y coordinates): > 1 8 free
 │123456789│
—│—————————│
1|//////111|
2|//////1X1|
3|//////111|
4|/////////|
5|11///////|
6|X1///////|
7|22///////|
8|X1///////|
9|11///////|
—│—————————│
You stepped on a mine and failed!
?[1;31m
Start test 61?[0m
How many mines do you want on the field? > 4
 │123456789│
—│—————————│
1|.........|
2|.........|
3|.........|
4|.........|
5|.........|
6|.........|
7|.........|
8|.........|
9|.........|
—│—————————│
Set/delete mines marks (x and y coordinates): > 6 4 free
 │123456789│
—│—————————│
1|.........|
2|.........|
3|.........|
4|.....1...|
5|.........|
6|.........|
7|.........|
8|.........|
9|.........|
—│—————————│
Set/delete mines marks (x and y coordinates): > 2 3 mine
 │123456789│
—│—————————│
1|.........|
2|.........|
3|.*.......|
4|.....1...|
5|.........|
6|.........|
7|.........|
8|.........|
9|.........|
—│—————————│
Set/delete mines marks (x and y coordinates): > 3 5 free
 │123456789│
—│—————————│
1|//111/1.1|
2|//1.21211|
3|//112.1//|
4|////111//|
5|/////////|
6|/////////|
7|///////11|
8|///////1.|
9|///////11|
—│—————————│
Set/delete mines marks (x and y coordinates): > 6 3 free
 │123456789│
—│—————————│
1|//111/1X1|
2|//1X21211|
3|//112X1//|
4|////111//|
5|/////////|
6|/////////|
7|///////11|
8|///////1X|
9|///////11|
—│—————————│
You stepped on a mine and failed!
?[1;31m
Start test 62?[0m
How many mines do you want on the field? > 4
 │123456789│
—│—————————│
1|.........|
2|.........|
3|.........|
4|.........|
5|.........|
6|.........|
7|.........|
8|.........|
9|.........|
—│—————————│
Set/delete mines marks (x and y coordinates): > 9 4 free
 │123456789│
—│—————————│
1|/////////|
2|111//////|
3|1.1//////|
4|111//////|
5|/////////|
6|/111//111|
7|/1.1//1.1|
8|/111/1221|
9|/////1.1/|
—│—————————│
Set/delete mines marks (x and y coordinates): > 3 7 free
 │123456789│
—│—————————│
1|/////////|
2|111//////|
3|1X1//////|
4|111//////|
5|/////////|
6|/111//111|
7|/1X1//1X1|
8|/111/1221|
9|/////1X1/|
—│—————————│
You stepped on a mine and failed!
?[1;31m
Start test 63?[0m
How many mines do you want on the field? > 4
 │123456789│
—│—————————│
1|.........|
2|.........|
3|.........|
4|.........|
5|.........|
6|.........|
7|.........|
8|.........|
9|.........|
—│—————————│
Set/delete mines marks (x and y coordinates): > 2 9 free
 │123456789│
—│—————————│
1|11/111///|
2|.112.1///|
3|111.21///|
4|//111////|
5|/////////|
6|/////////|
7|/////////|
8|///////11|
9|///////1.|
—│—————————│
Set/delete mines marks (x and y coordinates): > 1 2 free
 │123456789│
—│—————————│
1|11/111///|
2|X112X1///|
3|111X21///|
4|//111////|
5|/////////|
6|/////////|
7|/////////|
8|///////11|
9|///////1X|
—│—————————│
You stepped on a mine and failed!
?[1;31m
Start test 64?[0m
How many mines do you want on the field? > 4
 │123456789│
—│—————————│
1|.........|
2|.........|
3|.........|
4|.........|
5|.........|
6|.........|
7|.........|
8|.........|
9|.........|
—│—————————│
Set/delete mines marks (x and y coordinates): > 5 7 free
 │123456789│
—│—————————│
1|.........|
2|.........|
3|.........|
4|.........|
5|.........|
6|.........|
7|....1....|
8|.........|
9|.........|
—│—————————│
Set/delete mines marks (x and y coordinates): > 4 9 mine
 │123456789│
—│—————————│
1|.........|
2|.........|
3|.........|
4|.........|
5|.........|
6|.........|
7|....1....|
8|.........|
9|...*.....|
—│—————————│
Set/delete mines marks (x and y coordinates): > 7 4 free
 │123456789│
—│—————————│
1|.........|
2|.........|
3|.........|
4|......1..|
5|.........|
6|.........|
7|....1....|
8|.........|
9|...*.....|
—│—————————│
Set/delete mines marks (x and y coordinates): > 1 4 mine
 │123456789│
—│—————————│
1|.........|
2|.........|
3|.........|
4|*.....1..|
5|.........|
6|.........|
7|....1....|
8|.........|
9|...*.....|
—│—————————│
Set/delete mines marks (x and y coordinates): > 9 4 mine
 │123456789│
—│—————————│
1|.........|
2|.........|
3|.........|
4|*.....1.*|
5|.........|
6|.........|
7|....1....|
8|.........|
9|...*.....|
—│—————————│
Set/delete mines marks (x and y coordinates): > 9 4 mine
 │123456789│
—│—————————│
1|.........|
2|.........|
3|.........|
4|*.....1..|
5|.........|
6|.........|
7|....1....|
8|.........|
9|...*.....|
—│—————————│
Set/delete mines marks (x and y coordinates): > 1 4 mine
 │123456789│
—│—————————│
1|.........|
2|.........|
3|.........|
4|......1..|
5|.........|
6|.........|
7|....1....|
8|.........|
9|...*.....|
—│—————————│
Set/delete mines marks (x and y coordinates): > 4 9 mine
 │123456789│
—│—————————│
1|.........|
2|.........|
3|.........|
4|......1..|
5|.........|
6|.........|
7|....1....|
8|.........|
9|.........|
—│—————————│
Set/delete mines marks (x and y coordinates): > 2 2 mine
 │123456789│
—│—————————│
1|.........|
2|.*.......|
3|.........|
4|......1..|
5|.........|
6|.........|
7|....1....|
8|.........|
9|.........|
—│—————————│
Set/delete mines marks (x and y coordinates): > 3 5 free
 │123456789│
—│—————————│
1|///////2.|
2|///////2.|
3|///////11|
4|/////111/|
5|/////1.1/|
6|////1221/|
7|////1.1//|
8|////111//|
9|/////////|
—│—————————│
Set/delete mines marks (x and y coordinates): > 9 2 mine
 │123456789│
—│—————————│
1|///////2.|
2|///////2*|
3|///////11|
4|/////111/|
5|/////1.1/|
6|////1221/|
7|////1.1//|
8|////111//|
9|/////////|
—│—————————│
Set/delete mines marks (x and y coordinates): > 7 5 free
 │123456789│
—│—————————│
1|///////2X|
2|///////2X|
3|///////11|
4|/////111/|
5|/////1X1/|
6|////1221/|
7|////1X1//|
8|////111//|
9|/////////|
—│—————————│
You stepped on a mine and failed!
?[1;31m
Start test 65?[0m
How many mines do you want on the field? > 4
 │123456789│
—│—————————│
1|.........|
2|.........|
3|.........|
4|.........|
5|.........|
6|.........|
7|.........|
8|.........|
9|.........|
—│—————————│
Set/delete mines marks (x and y coordinates): > 6 4 free
 │123456789│
—│—————————│
1|/////////|
2|/////////|
3|/////////|
4|/////////|
5|/////1221|
6|11/112..1|
7|.1/1.2221|
8|11/111///|
9|/////////|
—│—————————│
Set/delete mines marks (x and y coordinates): > 1 7 free
 │123456789│
—│—————————│
1|/////////|
2|/////////|
3|/////////|
4|/////////|
5|/////1221|
6|11/112XX1|
7|X1/1X2221|
8|11/111///|
9|/////////|
—│—————————│
You stepped on a mine and failed!
?[1;31m
Start test 66?[0m
How many mines do you want on the field? > 4
 │123456789│
—│—————————│
1|.........|
2|.........|
3|.........|
4|.........|
5|.........|
6|.........|
7|.........|
8|.........|
9|.........|
—│—————————│
Set/delete mines marks (x and y coordinates): > 7 7 free
 │123456789│
—│—————————│
1|/1.11.1//|
2|/111111//|
3|11///////|
4|.1////111|
5|11////1.1|
6|//////111|
7|/////////|
8|/////////|
9|/////////|
—│—————————│
Set/delete mines marks (x and y coordinates): > 8 5 free
 │123456789│
—│—————————│
1|/1X11X1//|
2|/111111//|
3|11///////|
4|X1////111|
5|11////1X1|
6|//////111|
7|/////////|
8|/////////|
9|/////////|
—│—————————│
You stepped on a mine and failed!
?[1;31m
Start test 67?[0m
How many mines do you want on the field? > 4
 │123456789│
—│—————————│
1|.........|
2|.........|
3|.........|
4|.........|
5|.........|
6|.........|
7|.........|
8|.........|
9|.........|
—│—————————│
Set/delete mines marks (x and y coordinates): > 4 3 free
 │123456789│
—│—————————│
1|////1.1//|
2|////111//|
3|/////////|
4|/////////|
5|/////111/|
6|/////1.1/|
7|11///111/|
8|.21//////|
9|2.1//////|
—│—————————│
Set/delete mines marks (x and y coordinates): > 7 6 mine
 │123456789│
—│—————————│
1|////1.1//|
2|////111//|
3|/////////|
4|/////////|
5|/////111/|
6|/////1*1/|
7|11///111/|
8|.21//////|
9|2.1//////|
—│—————————│
Set/delete mines marks (x and y coordinates): > 1 8 free
 │123456789│
—│—————————│
1|////1X1//|
2|////111//|
3|/////////|
4|/////////|
5|/////111/|
6|/////1X1/|
7|11///111/|
8|X21//////|
9|2X1//////|
—│—————————│
You stepped on a mine and failed!
?[1;31m
Start test 68?[0m
How many mines do you want on the field? > 4
 │123456789│
—│—————————│
1|.........|
2|.........|
3|.........|
4|.........|
5|.........|
6|.........|
7|.........|
8|.........|
9|.........|
—│—————————│
Set/delete mines marks (x and y coordinates): > 1 9 free
 │123456789│
—│—————————│
1|//1.1////|
2|//222////|
3|//1.1////|
4|//111////|
5|//////111|
6|/111//1.1|
7|/1.1//111|
8|/111/////|
9|/////////|
—│—————————│
Set/delete mines marks (x and y coordinates): > 4 3 mine
 │123456789│
—│—————————│
1|//1.1////|
2|//222////|
3|//1*1////|
4|//111////|
5|//////111|
6|/111//1.1|
7|/1.1//111|
8|/111/////|
9|/////////|
—│—————————│
Set/delete mines marks (x and y coordinates): > 8 6 mine
 │123456789│
—│—————————│
1|//1.1////|
2|//222////|
3|//1*1////|
4|//111////|
5|//////111|
6|/111//1*1|
7|/1.1//111|
8|/111/////|
9|/////////|
—│—————————│
Set/delete mines marks (x and y coordinates): > 4 1 free
 │123456789│
—│—————————│
1|//1X1////|
2|//222////|
3|//1X1////|
4|//111////|
5|//////111|
6|/111//1X1|
7|/1X1//111|
8|/111/////|
9|/////////|
—│—————————│
You stepped on a mine and failed!
?[1;31m
Start test 69?[0m
How many mines do you want on the field? > 4
 │123456789│
—│—————————│
1|.........|
2|.........|
3|.........|
4|.........|
5|.........|
6|.........|
7|.........|
8|.........|
9|.........|
—│—————————│
Set/delete mines marks (x and y coordinates): > 6 2 mine
 │123456789│
—│—————————│
1|.........|
2|.....*...|
3|.........|
4|.........|
5|.........|
6|.........|
7|.........|
8|.........|
9|.........|
—│—————————│
Set/delete mines marks (x and y coordinates): > 7 1 free
 │123456789│
—│—————————│
1|/////////|
2|///11211/|
3|///1.2.1/|
4|///11211/|
5|/////////|
6|111//////|
7|1.1//////|
8|222//////|
9|1.1//////|
—│—————————│
Set/delete mines marks (x and y coordinates): > 2 7 mine
 │123456789│
—│—————————│
1|/////////|
2|///11211/|
3|///1.2.1/|
4|///11211/|
5|/////////|
6|111//////|
7|1*1//////|
8|222//////|
9|1.1//////|
—│—————————│
Set/delete mines marks (x and y coordinates): > 5 3 free
 │123456789│
—│—————————│
1|/////////|
2|///11211/|
3|///1X2X1/|
4|///11211/|
5|/////////|
6|111//////|
7|1X1//////|
8|222//////|
9|1X1//////|
—│—————————│
You stepped on a mine and failed!
?[1;31m
Start test 70?[0m
How many mines do you want on the field? > 4
 │123456789│
—│—————————│
1|.........|
2|.........|
3|.........|
4|.........|
5|.........|
6|.........|
7|.........|
8|.........|
9|.........|
—│—————————│
Set/delete mines marks (x and y coordinates): > 1 9 free
 │123456789│
—│—————————│
1|.1///////|
2|11///////|
3|/////////|
4|////111//|
5|////1.1//|
6|////1221/|
7|/////1.21|
8|/////112.|
9|///////11|
—│—————————│
Set/delete mines marks (x and y coordinates): > 9 8 free
 │123456789│
—│—————————│
1|X1///////|
2|11///////|
3|/////////|
4|////111//|
5|////1X1//|
6|////1221/|
7|/////1X21|
8|/////112X|
9|///////11|
—│—————————│
You stepped on a mine and failed!
?[1;31m
Start test 71?[0m
How many mines do you want on the field? > 4
 │123456789│
—│—————————│
1|.........|
2|.........|
3|.........|
4|.........|
5|.........|
6|.........|
7|.........|
8|.........|
9|.........|
—│—————————│
Set/delete mines marks (x and y coordinates): > 7 7 free
 │123456789│
—│—————————│
1|.1/111///|
2|11/1.1///|
3|///111///|
4|/////////|
5|/////////|
6|///111///|
7|///1.1///|
8|/11211///|
9|/1.1/////|
—│—————————│
Set/delete mines marks (x and y coordinates): > 1 1 mine
 │123456789│
—│—————————│
1|*1/111///|
2|11/1.1///|
3|///111///|
4|/////////|
5|/////////|
6|///111///|
7|///1.1///|
8|/11211///|
9|/1.1/////|
—│—————————│
Set/delete mines marks (x and y coordinates): > 1 1 mine
 │123456789│
—│—————————│
1|.1/111///|
2|11/1.1///|
3|///111///|
4|/////////|
5|/////////|
6|///111///|
7|///1.1///|
8|/11211///|
9|/1.1/////|
—│—————————│
Set/delete mines marks (x and y coordinates): > 5 2 mine
 │123456789│
—│—————————│
1|.1/111///|
2|11/1*1///|
3|///111///|
4|/////////|
5|/////////|
6|///111///|
7|///1.1///|
8|/11211///|
9|/1.1/////|
—│—————————│
Set/delete mines marks (x and y coordinates): > 1 1 free
 │123456789│
—│—————————│
1|X1/111///|
2|11/1X1///|
3|///111///|
4|/////////|
5|/////////|
6|///111///|
7|///1X1///|
8|/11211///|
9|/1X1/////|
—│—————————│
You stepped on a mine and failed!
?[1;31m
Start test 72?[0m
How many mines do you want on the field? > 4
 │123456789│
—│—————————│
1|.........|
2|.........|
3|.........|
4|.........|
5|.........|
6|.........|
7|.........|
8|.........|
9|.........|
—│—————————│
Set/delete mines marks (x and y coordinates): > 7 8 free
 │123456789│
—│—————————│
1|111///1.1|
2|1.211/111|
3|112.1////|
4|//111////|
5|/////////|
6|/////////|
7|/////////|
8|/111/////|
9|/1.1/////|
—│—————————│
Set/delete mines marks (x and y coordinates): > 8 1 mine
 │123456789│
—│—————————│
1|111///1*1|
2|1.211/111|
3|112.1////|
4|//111////|
5|/////////|
6|/////////|
7|/////////|
8|/111/////|
9|/1.1/////|
—│—————————│
Set/delete mines marks (x and y coordinates): > 4 3 free
 │123456789│
—│—————————│
1|111///1X1|
2|1X211/111|
3|112X1////|
4|//111////|
5|/////////|
6|/////////|
7|/////////|
8|/111/////|
9|/1X1/////|
—│—————————│
You stepped on a mine and failed!
?[1;31m
Start test 73?[0m
How many mines do you want on the field? > 4
 │123456789│
—│—————————│
1|.........|
2|.........|
3|.........|
4|.........|
5|.........|
6|.........|
7|.........|
8|.........|
9|.........|
—│—————————│
Set/delete mines marks (x and y coordinates): > 4 9 free
 │123456789│
—│—————————│
1|.........|
2|.........|
3|.........|
4|.........|
5|.........|
6|.........|
7|.........|
8|.........|
9|...1.....|
—│—————————│
Set/delete mines marks (x and y coordinates): > 4 5 mine
 │123456789│
—│—————————│
1|.........|
2|.........|
3|.........|
4|.........|
5|...*.....|
6|.........|
7|.........|
8|.........|
9|...1.....|
—│—————————│
Set/delete mines marks (x and y coordinates): > 7 1 free
 │123456789│
—│—————————│
1|/111/////|
2|/1.1/////|
3|1221/////|
4|1.1//////|
5|111//////|
6|/////////|
7|11211////|
8|1.2.1////|
9|11211////|
—│—————————│
Set/delete mines marks (x and y coordinates): > 4 8 free
 │123456789│
—│—————————│
1|/111/////|
2|/1X1/////|
3|1221/////|
4|1X1//////|
5|111//////|
6|/////////|
7|11211////|
8|1X2X1////|
9|11211////|
—│—————————│
You stepped on a mine and failed!
?[1;31m
Start test 74?[0m
How many mines do you want on the field? > 4
 │123456789│
—│—————————│
1|.........|
2|.........|
3|.........|
4|.........|
5|.........|
6|.........|
7|.........|
8|.........|
9|.........|
—│—————————│
Set/delete mines marks (x and y coordinates): > 8 5 free
 │123456789│
—│—————————│
1|/////111/|
2|/////1.1/|
3|///11211/|
4|///1.1///|
5|///111///|
6|//111////|
7|//1.1////|
8|//222////|
9|//1.1////|
—│—————————│
Set/delete mines marks (x and y coordinates): > 5 4 mine
 │123456789│
—│—————————│
1|/////111/|
2|/////1.1/|
3|///11211/|
4|///1*1///|
5|///111///|
6|//111////|
7|//1.1////|
8|//222////|
9|//1.1////|
—│—————————│
Set/delete mines marks (x and y coordinates): > 4 7 mine
 │123456789│
—│—————————│
1|/////111/|
2|/////1.1/|
3|///11211/|
4|///1*1///|
5|///111///|
6|//111////|
7|//1*1////|
8|//222////|
9|//1.1////|
—│—————————│
Set/delete mines marks (x and y coordinates): > 5 4 mine
 │123456789│
—│—————————│
1|/////111/|
2|/////1.1/|
3|///11211/|
4|///1.1///|
5|///111///|
6|//111////|
7|//1*1////|
8|//222////|
9|//1.1////|
—│—————————│
Set/delete mines marks (x and y coordinates): > 4 7 mine
 │123456789│
—│—————————│
1|/////111/|
2|/////1.1/|
3|///11211/|
4|///1.1///|
5|///111///|
6|//111////|
7|//1.1////|
8|//222////|
9|//1.1////|
—│—————————│
Set/delete mines marks (x and y coordinates): > 4 7 mine
 │123456789│
—│—————————│
1|/////111/|
2|/////1.1/|
3|///11211/|
4|///1.1///|
5|///111///|
6|//111////|
7|//1*1////|
8|//222////|
9|//1.1////|
—│—————————│
Set/delete mines marks (x and y coordinates): > 4 9 mine
 │123456789│
—│—————————│
1|/////111/|
2|/////1.1/|
3|///11211/|
4|///1.1///|
5|///111///|
6|//111////|
7|//1*1////|
8|//222////|
9|//1*1////|
—│—————————│
Set/delete mines marks (x and y coordinates): > 7 2 free
 │123456789│
—│—————————│
1|/////111/|
2|/////1X1/|
3|///11211/|
4|///1X1///|
5|///111///|
6|//111////|
7|//1X1////|
8|//222////|
9|//1X1////|
—│—————————│
You stepped on a mine and failed!
?[1;31m
Start test 75?[0m
How many mines do you want on the field? > 4
 │123456789│
—│—————————│
1|.........|
2|.........|
3|.........|
4|.........|
5|.........|
6|.........|
7|.........|
8|.........|
9|.........|
—│—————————│
Set/delete mines marks (x and y coordinates): > 3 7 free
 │123456789│
—│—————————│
1|///123.1/|
2|///1..21/|
3|///1221//|
4|/////////|
5|11///////|
6|.1///////|
7|11///////|
8|/////////|
9|/////////|
—│—————————│
Set/delete mines marks (x and y coordinates): > 1 6 free
 │123456789│
—│—————————│
1|///123X1/|
2|///1XX21/|
3|///1221//|
4|/////////|
5|11///////|
6|X1///////|
7|11///////|
8|/////////|
9|/////////|
—│—————————│
You stepped on a mine and failed!
?[1;31m
Start test 76?[0m
How many mines do you want on the field? > 4
 │123456789│
—│—————————│
1|.........|
2|.........|
3|.........|
4|.........|
5|.........|
6|.........|
7|.........|
8|.........|
9|.........|
—│—————————│
Set/delete mines marks (x and y coordinates): > 5 4 free
 │123456789│
—│—————————│
1|///1.1///|
2|///111111|
3|//////1.1|
4|//////122|
5|///////1.|
6|///////11|
7|/////////|
8|//////111|
9|//////1.1|
—│—————————│
Set/delete mines marks (x and y coordinates): > 5 1 free
 │123456789│
—│—————————│
1|///1X1///|
2|///111111|
3|//////1X1|
4|//////122|
5|///////1X|
6|///////11|
7|/////////|
8|//////111|
9|//////1X1|
—│—————————│
You stepped on a mine and failed!
?[1;31m
Start test 77?[0m
How many mines do you want on the field? > 4
 │123456789│
—│—————————│
1|.........|
2|.........|
3|.........|
4|.........|
5|.........|
6|.........|
7|.........|
8|.........|
9|.........|
—│—————————│
Set/delete mines marks (x and y coordinates): > 2 6 free
 │123456789│
—│—————————│
1|/////1.1/|
2|////1221/|
3|////1.1//|
4|////11211|
5|//////1.1|
6|//////111|
7|//111////|
8|//1.1////|
9|//111////|
—│—————————│
Set/delete mines marks (x and y coordinates): > 8 5 mine
 │123456789│
—│—————————│
1|/////1.1/|
2|////1221/|
3|////1.1//|
4|////11211|
5|//////1*1|
6|//////111|
7|//111////|
8|//1.1////|
9|//111////|
—│—————————│
Set/delete mines marks (x and y coordinates): > 7 1 mine
 │123456789│
—│—————————│
1|/////1*1/|
2|////1221/|
3|////1.1//|
4|////11211|
5|//////1*1|
6|//////111|
7|//111////|
8|//1.1////|
9|//111////|
—│—————————│
Set/delete mines marks (x and y coordinates): > 7 1 mine
 │123456789│
—│—————————│
1|/////1.1/|
2|////1221/|
3|////1.1//|
4|////11211|
5|//////1*1|
6|//////111|
7|//111////|
8|//1.1////|
9|//111////|
—│—————————│
Set/delete mines marks (x and y coordinates): > 6 3 mine
 │123456789│
—│—————————│
1|/////1.1/|
2|////1221/|
3|////1*1//|
4|////11211|
5|//////1*1|
6|//////111|
7|//111////|
8|//1.1////|
9|//111////|
—│—————————│
Set/delete mines marks (x and y coordinates): > 4 8 mine
 │123456789│
—│—————————│
1|/////1.1/|
2|////1221/|
3|////1*1//|
4|////11211|
5|//////1*1|
6|//////111|
7|//111////|
8|//1*1////|
9|//111////|
—│—————————│
Set/delete mines marks (x and y coordinates): > 7 1 free
 │123456789│
—│—————————│
1|/////1X1/|
2|////1221/|
3|////1X1//|
4|////11211|
5|//////1X1|
6|//////111|
7|//111////|
8|//1X1////|
9|//111////|
—│—————————│
You stepped on a mine and failed!
?[1;31m
Start test 78?[0m
How many mines do you want on the field? > 4
 │123456789│
—│—————————│
1|.........|
2|.........|
3|.........|
4|.........|
5|.........|
6|.........|
7|.........|
8|.........|
9|.........|
—│—————————│
Set/delete mines marks (x and y coordinates): > 8 3 mine
 │123456789│
—│—————————│
1|.........|
2|.........|
3|.......*.|
4|.........|
5|.........|
6|.........|
7|.........|
8|.........|
9|.........|
—│—————————│
Set/delete mines marks (x and y coordinates): > 5 9 free
 │123456789│
—│—————————│
1|.........|
2|...X.....|
3|.......*.|
4|.....XX..|
5|.........|
6|.........|
7|.........|
8|.........|
9|....X....|
—│—————————│
You stepped on a mine and failed!
?[1;31m
Start test 79?[0m
How many mines do you want on the field? > 4
 │123456789│
—│—————————│
1|.........|
2|.........|
3|.........|
4|.........|
5|.........|
6|.........|
7|.........|
8|.........|
9|.........|
—│—————————│
Set/delete mines marks (x and y coordinates): > 1 5 mine
 │123456789│
—│—————————│
1|.........|
2|.........|
3|.........|
4|.........|
5|*........|
6|.........|
7|.........|
8|.........|
9|.........|
—│—————————│
Set/delete mines marks (x and y coordinates): > 7 6 mine
 │123456789│
—│—————————│
1|.........|
2|.........|
3|.........|
4|.........|
5|*........|
6|......*..|
7|.........|
8|.........|
9|.........|
—│—————————│
Set/delete mines marks (x and y coordinates): > 5 9 free
 │123456789│
—│—————————│
1|/111/////|
2|/1.1/////|
3|/111/////|
4|111//////|
5|1.1/111//|
6|111/1.111|
7|////1111.|
8|///////11|
9|/////////|
—│—————————│
Set/delete mines marks (x and y coordinates): > 2 5 mine
 │123456789│
—│—————————│
1|/111/////|
2|/1.1/////|
3|/111/////|
4|111//////|
5|1*1/111//|
6|111/1.111|
7|////1111.|
8|///////11|
9|/////////|
—│—————————│
Set/delete mines marks (x and y coordinates): > 9 7 free
 │123456789│
—│—————————│
1|/111/////|
2|/1X1/////|
3|/111/////|
4|111//////|
5|1X1/111//|
6|111/1X111|
7|////1111X|
8|///////11|
9|/////////|
—│—————————│
You stepped on a mine and failed!
?[1;31m
Start test 80?[0m
How many mines do you want on the field? > 4
 │123456789│
—│—————————│
1|.........|
2|.........|
3|.........|
4|.........|
5|.........|
6|.........|
7|.........|
8|.........|
9|.........|
—│—————————│
Set/delete mines marks (x and y coordinates): > 2 9 free
 │123456789│
—│—————————│
1|1111.1///|
2|1.1111///|
3|111//////|
4|/////////|
5|///////11|
6|///////1.|
7|/////1121|
8|/////1.1/|
9|/////111/|
—│—————————│
Set/delete mines marks (x and y coordinates): > 7 8 free
 │123456789│
—│—————————│
1|1111X1///|
2|1X1111///|
3|111//////|
4|/////////|
5|///////11|
6|///////1X|
7|/////1121|
8|/////1X1/|
9|/////111/|
—│—————————│
You stepped on a mine and failed!
?[1;31m
Start test 81?[0m
How many mines do you want on the field? > 5
 │123456789│
—│—————————│
1|.........|
2|.........|
3|.........|
4|.........|
5|.........|
6|.........|
7|.........|
8|.........|
9|.........|
—│—————————│
Set/delete mines marks (x and y coordinates): > 5 3 free
 │123456789│
—│—————————│
1|........X|
2|.........|
3|....X.X..|
4|.........|
5|.X.......|
6|.........|
7|.........|
8|.........|
9|.X.......|
—│—————————│
You stepped on a mine and failed!
?[1;31m
Start test 82?[0m
How many mines do you want on the field? > 5
 │123456789│
—│—————————│
1|.........|
2|.........|
3|.........|
4|.........|
5|.........|
6|.........|
7|.........|
8|.........|
9|.........|
—│—————————│
Set/delete mines marks (x and y coordinates): > 1 3 free
 │123456789│
—│—————————│
1|.........|
2|.........|
3|1........|
4|.........|
[...]
 │123456789│
—│—————————│
1|///////1X|
2|122111122|
3|1XX11X11X|
4|123221111|
5|/12X1////|
6|12X21/111|
7|1X21/12X1|
8|122224X42|
9|/1X2XXX3X|
—│—————————│
You stepped on a mine and failed!
?[1;31m
Start test 95?[0m
How many mines do you want on the field? > 20
 │123456789│
—│—————————│
1|.........|
2|.........|
3|.........|
4|.........|
5|.........|
6|.........|
7|.........|
8|.........|
9|.........|
—│—————————│
Set/delete mines marks (x and y coordinates): > 5 1 free
 │123456789│
—│—————————│
1|....1....|
2|.........|
3|.........|
4|.........|
5|.........|
6|.........|
7|.........|
8|.........|
9|.........|
—│—————————│
Set/delete mines marks (x and y coordinates): > 6 7 free
 │123456789│
—│—————————│
1|....1....|
2|.........|
3|.........|
4|.........|
5|.........|
6|.........|
7|.....2...|
8|.........|
9|.........|
—│—————————│
Set/delete mines marks (x and y coordinates): > 3 7 free
 │123456789│
—│—————————│
1|....1....|
2|.........|
3|.........|
4|.........|
5|.........|
6|.........|
7|..1..2...|
8|.........|
9|.........|
—│—————————│
Set/delete mines marks (x and y coordinates): > 3 6 mine
 │123456789│
—│—————————│
1|....1....|
2|.........|
3|.........|
4|.........|
5|.........|
6|..*......|
7|..1..2...|
8|.........|
9|.........|
—│—————————│
Set/delete mines marks (x and y coordinates): > 1 9 free
 │123456789│
—│—————————│
1|/1.1111//|
2|13222.311|
3|.4.33.5.3|
4|3...22...|
5|2..422343|
6|2322.11.1|
7|.11232211|
8|112.3.1//|
9|//2.311//|
—│—————————│
Set/delete mines marks (x and y coordinates): > 9 4 free
 │123456789│
—│—————————│
1|/1X1111//|
2|13222X311|
3|X4X33X5X3|
4|3XXX22XXX|
5|2XX422343|
6|2322X11X1|
7|X11232211|
8|112X3X1//|
9|//2X311//|
—│—————————│
You stepped on a mine and failed!
?[1;31m
Start test 96?[0m
How many mines do you want on the field? > 20
 │123456789│
—│—————————│
1|.........|
2|.........|
3|.........|
4|.........|
5|.........|
6|.........|
7|.........|
8|.........|
9|.........|
—│—————————│
Set/delete mines marks (x and y coordinates): > 6 7 mine
 │123456789│
—│—————————│
1|.........|
2|.........|
3|.........|
4|.........|
5|.........|
6|.........|
7|.....*...|
8|.........|
9|.........|
—│—————————│
Set/delete mines marks (x and y coordinates): > 4 2 free
 │123456789│
—│—————————│
1|.........|
2|...3.....|
3|.........|
4|.........|
5|.........|
6|.........|
7|.....*...|
8|.........|
9|.........|
—│—————————│
Set/delete mines marks (x and y coordinates): > 6 6 mine
 │123456789│
—│—————————│
1|.........|
2|...3.....|
3|.........|
4|.........|
5|.........|
6|.....*...|
7|.....*...|
8|.........|
9|.........|
—│—————————│
Set/delete mines marks (x and y coordinates): > 8 8 mine
 │123456789│
—│—————————│
1|.........|
2|...3.....|
3|.........|
4|.........|
5|.........|
6|.....*...|
7|.....*...|
8|.......*.|
9|.........|
—│—————————│
Set/delete mines marks (x and y coordinates): > 8 1 free
 │123456789│
—│—————————│
1|X..XX..XX|
2|...3...X.|
3|XX..XX..X|
4|X........|
5|....X.X.X|
6|...X.*..X|
7|...X.*...|
8|....X..X.|
9|.........|
—│—————————│
You stepped on a mine and failed!
?[1;31m
Start test 97?[0m
How many mines do you want on the field? > 25
 │123456789│
—│—————————│
1|.........|
2|.........|
3|.........|
4|.........|
5|.........|
6|.........|
7|.........|
8|.........|
9|.........|
—│—————————│
Set/delete mines marks (x and y coordinates): > 9 3 free
 │123456789│
—│—————————│
1|.........|
2|.........|
3|........1|
4|.........|
5|.........|
6|.........|
7|.........|
8|.........|
9|.........|
—│—————————│
Set/delete mines marks (x and y coordinates): > 3 4 mine
 │123456789│
—│—————————│
1|.........|
2|.........|
3|........1|
4|..*......|
5|.........|
6|.........|
7|.........|
8|.........|
9|.........|
—│—————————│
Set/delete mines marks (x and y coordinates): > 3 4 mine
 │123456789│
—│—————————│
1|.........|
2|.........|
3|........1|
4|.........|
5|.........|
6|.........|
7|.........|
8|.........|
9|.........|
—│—————————│
Set/delete mines marks (x and y coordinates): > 4 7 free
 │123456789│
—│—————————│
1|X...XX...|
2|.X.....X.|
3|XX......1|
4|.X..XX...|
5|X...X...X|
6|X.X.XX...|
7|...X....X|
8|.......XX|
9|.X....XXX|
—│—————————│
You stepped on a mine and failed!
?[1;31m
Start test 98?[0m
How many mines do you want on the field? > 25
 │123456789│
—│—————————│
1|.........|
2|.........|
3|.........|
4|.........|
5|.........|
6|.........|
7|.........|
8|.........|
9|.........|
—│—————————│
Set/delete mines marks (x and y coordinates): > 2 3 free
 │123456789│
—│—————————│
1|XX.XX....|
2|X..XXXX.X|
3|.X...X...|
4|XXX.X....|
5|.....X..X|
6|.........|
7|.........|
8|..XX..X..|
9|..XX.XX..|
—│—————————│
You stepped on a mine and failed!
?[1;31m
Start test 99?[0m
How many mines do you want on the field? > 30
 │123456789│
—│—————————│
1|.........|
2|.........|
3|.........|
4|.........|
5|.........|
6|.........|
7|.........|
8|.........|
9|.........|
—│—————————│
Set/delete mines marks (x and y coordinates): > 1 5 mine
 │123456789│
—│—————————│
1|.........|
2|.........|
3|.........|
4|.........|
5|*........|
6|.........|
7|.........|
8|.........|
9|.........|
—│—————————│
Set/delete mines marks (x and y coordinates): > 2 2 free
 │123456789│
—│—————————│
1|..XX..XX.|
2|.X..X..X.|
3|.XX...X..|
4|...X...X.|
5|*....X.X.|
6|..XX...XX|
7|........X|
8|XX.X.XX..|
9|.XXX.XXX.|
—│—————————│
You stepped on a mine and failed!
?[1;31m
Start test 100?[0m
How many mines do you want on the field? > 30
 │123456789│
—│—————————│
1|.........|
2|.........|
3|.........|
4|.........|
5|.........|
6|.........|
7|.........|
8|.........|
9|.........|
—│—————————│
Set/delete mines marks (x and y coordinates): > 2 7 free
 │123456789│
—│—————————│
1|.XX..XX.X|
2|.X..X..X.|
3|........X|
4|X.XX..X..|
5|X..XX.X..|
6|.X.X..XX.|
7|.X.....X.|
8|..XXX....|
9|..X.X.X.X|
—│—————————│
You stepped on a mine and failed!
?[1;31m
Start test 101?[0m
How many mines do you want on the field? > 35
 │123456789│
—│—————————│
1|.........|
2|.........|
3|.........|
4|.........|
5|.........|
6|.........|
7|.........|
8|.........|
9|.........|
—│—————————│
Set/delete mines marks (x and y coordinates): > 9 1 free
 │123456789│
—│—————————│
1|........1|
2|.........|
3|.........|
4|.........|
5|.........|
6|.........|
7|.........|
8|.........|
9|.........|
—│—————————│
Set/delete mines marks (x and y coordinates): > 2 1 free
 │123456789│
—│—————————│
1|.3......1|
2|.........|
3|.........|
4|.........|
5|.........|
6|.........|
7|.........|
8|.........|
9|.........|
—│—————————│
Set/delete mines marks (x and y coordinates): > 5 5 free
 │123456789│
—│—————————│
1|X3..X.X.1|
2|XX..XX.X.|
3|.X..X.X.X|
4|X..XXXX..|
5|.X.XX.X.X|
6|......XX.|
7|X....XX.X|
8|.XX.X.X..|
9|.XX..X...|
—│—————————│
You stepped on a mine and failed!
?[1;31m
Start test 102?[0m
How many mines do you want on the field? > 35
 │123456789│
—│—————————│
1|.........|
2|.........|
3|.........|
4|.........|
5|.........|
6|.........|
7|.........|
8|.........|
9|.........|
—│—————————│
Set/delete mines marks (x and y coordinates): > 7 2 free
 │123456789│
—│—————————│
1|..XXXX...|
2|.X.X.XX.X|
3|X.X...XXX|
4|..XXXX.X.|
5|.X.XX..XX|
6|.....XX..|
7|...XXXXX.|
8|XX...X...|
9|.....X...|
—│—————————│
You stepped on a mine and failed!
?[1;31m
Start test 103?[0m
How many mines do you want on the field? > 40
 │123456789│
—│—————————│
1|.........|
2|.........|
3|.........|
4|.........|
5|.........|
6|.........|
7|.........|
8|.........|
9|.........|
—│—————————│
Set/delete mines marks (x and y coordinates): > 6 7 mine
 │123456789│
—│—————————│
1|.........|
2|.........|
3|.........|
4|.........|
5|.........|
6|.........|
7|.....*...|
8|.........|
9|.........|
—│—————————│
Set/delete mines marks (x and y coordinates): > 1 4 free
 │123456789│
—│—————————│
1|.........|
2|.........|
3|.........|
4|5........|
5|.........|
6|.........|
7|.....*...|
8|.........|
9|.........|
—│—————————│
Set/delete mines marks (x and y coordinates): > 1 8 mine
 │123456789│
—│—————————│
1|.........|
2|.........|
3|.........|
4|5........|
5|.........|
6|.........|
7|.....*...|
8|*........|
9|.........|
—│—————————│
Set/delete mines marks (x and y coordinates): > 1 1 mine
 │123456789│
—│—————————│
1|*........|
2|.........|
3|.........|
4|5........|
5|.........|
6|.........|
7|.....*...|
8|*........|
9|.........|
—│—————————│
Set/delete mines marks (x and y coordinates): > 7 4 free
 │123456789│
—│—————————│
1|XX.XX.XX.|
2|XX.XXX...|
3|XXX..X..X|
4|5XXXX.XX.|
5|XXXXX....|
6|...XX....|
7|...X.*.X.|
8|XXX.XXXX.|
9|......XX.|
—│—————————│
You stepped on a mine and failed!
?[1;31m
Start test 104?[0m
How many mines do you want on the field? > 40
 │123456789│
—│—————————│
1|.........|
2|.........|
3|.........|
4|.........|
5|.........|
6|.........|
7|.........|
8|.........|
9|.........|
—│—————————│
Set/delete mines marks (x and y coordinates): > 3 9 free
 │123456789│
—│—————————│
1|.........|
2|.........|
3|.........|
4|.........|
5|.........|
6|.........|
7|.........|
8|.........|
9|..4......|
—│—————————│
Set/delete mines marks (x and y coordinates): > 5 5 free
 │123456789│
—│—————————│
1|.........|
2|.........|
3|.........|
4|.........|
5|....5....|
6|.........|
7|.........|
8|.........|
9|..4......|
—│—————————│
Set/delete mines marks (x and y coordinates): > 5 3 free
 │123456789│
—│—————————│
1|.........|
2|.........|
3|....5....|
4|.........|
5|....5....|
6|.........|
7|.........|
8|.........|
9|..4......|
—│—————————│
Set/delete mines marks (x and y coordinates): > 9 6 mine
 │123456789│
—│—————————│
1|.........|
2|.........|
3|....5....|
4|.........|
5|....5....|
6|........*|
7|.........|
8|.........|
9|..4......|
—│—————————│
Set/delete mines marks (x and y coordinates): > 9 6 mine
 │123456789│
—│—————————│
1|.........|
2|.........|
3|....5....|
4|.........|
5|....5....|
6|.........|
7|.........|
8|.........|
9|..4......|
—│—————————│
Set/delete mines marks (x and y coordinates): > 9 3 free
 │123456789│
—│—————————│
1|XXXXXX..X|
2|.XX.XX...|
3|.XXX5X..X|
4|..XX...X.|
5|XXXX5X.XX|
6|...X.XXX.|
7|XXX......|
8|X.XXX...X|
9|.X4X.....|
—│—————————│
You stepped on a mine and failed!
?[1;31m
Start test 105?[0m
How many mines do you want on the field? > 45
 │123456789│
—│—————————│
1|.........|
2|.........|
3|.........|
4|.........|
5|.........|
6|.........|
7|.........|
8|.........|
9|.........|
—│—————————│
Set/delete mines marks (x and y coordinates): > 9 4 mine
 │123456789│
—│—————————│
1|.........|
2|.........|
3|.........|
4|........*|
5|.........|
6|.........|
7|.........|
8|.........|
9|.........|
—│—————————│
Set/delete mines marks (x and y coordinates): > 1 2 mine
 │123456789│
—│—————————│
1|.........|
2|*........|
3|.........|
4|........*|
5|.........|
6|.........|
7|.........|
8|.........|
9|.........|
—│—————————│
Set/delete mines marks (x and y coordinates): > 4 2 mine
 │123456789│
—│—————————│
1|.........|
2|*..*.....|
3|.........|
4|........*|
5|.........|
6|.........|
7|.........|
8|.........|
9|.........|
—│—————————│
Set/delete mines marks (x and y coordinates): > 1 2 mine
 │123456789│
—│—————————│
1|.........|
2|...*.....|
3|.........|
4|........*|
5|.........|
6|.........|
7|.........|
8|.........|
9|.........|
—│—————————│
Set/delete mines marks (x and y coordinates): > 7 5 free
 │123456789│
—│—————————│
1|.XXXX.X.X|
2|.X.XX...X|
3|.X.X...XX|
4|X.XXX...X|
5|XXXXX.X.X|
6|.X.XX.X..|
7|.XXX.XXX.|
8|XX.X.X.XX|
9|.....XXX.|
—│—————————│
You stepped on a mine and failed!
?[1;31m
Start test 106?[0m
How many mines do you want on the field? > 45
 │123456789│
—│—————————│
1|.........|
2|.........|
3|.........|
4|.........|
5|.........|
6|.........|
7|.........|
8|.........|
9|.........|
—│—————————│
Set/delete mines marks (x and y coordinates): > 2 4 free
 │123456789│
—│—————————│
1|.X.X..X.X|
2|.X..X.XXX|
3|X.X.XXX..|
4|.XXXX....|
5|X.XXX.XX.|
6|XXXXXX..X|
7|XX.X.....|
8|XX..XXXX.|
9|.XX...XXX|
—│—————————│
You stepped on a mine and failed!
?[1;31m
Start test 107?[0m
How many mines do you want on the field? > 50
 │123456789│
—│—————————│
1|.........|
2|.........|
3|.........|
4|.........|
5|.........|
6|.........|
7|.........|
8|.........|
9|.........|
—│—————————│
Set/delete mines marks (x and y coordinates): > 6 6 mine
 │123456789│
—│—————————│
1|.........|
2|.........|
3|.........|
4|.........|
5|.........|
6|.....*...|
7|.........|
8|.........|
9|.........|
—│—————————│
Set/delete mines marks (x and y coordinates): > 6 6 mine
 │123456789│
—│—————————│
1|.........|
2|.........|
3|.........|
4|.........|
5|.........|
6|.........|
7|.........|
8|.........|
9|.........|
—│—————————│
Set/delete mines marks (x and y coordinates): > 8 2 mine
 │123456789│
—│—————————│
1|.........|
2|.......*.|
3|.........|
4|.........|
5|.........|
6|.........|
7|.........|
8|.........|
9|.........|
—│—————————│
Set/delete mines marks (x and y coordinates): > 9 5 free
 │123456789│
—│—————————│
1|.........|
2|.......*.|
3|.........|
4|.........|
5|........3|
6|.........|
7|.........|
8|.........|
9|.........|
—│—————————│
Set/delete mines marks (x and y coordinates): > 7 9 mine
 │123456789│
—│—————————│
1|.........|
2|.......*.|
3|.........|
4|.........|
5|........3|
6|.........|
7|.........|
8|.........|
9|......*..|
—│—————————│
Set/delete mines marks (x and y coordinates): > 8 3 mine
 │123456789│
—│—————————│
1|.........|
2|.......*.|
3|.......*.|
4|.........|
5|........3|
6|.........|
7|.........|
8|.........|
9|......*..|
—│—————————│
Set/delete mines marks (x and y coordinates): > 9 7 free
 │123456789│
—│—————————│
1|XXX...XXX|
2|.X.X...XX|
3|XXX.X.X*X|
4|X....X.XX|
5|X.X.XXX.3|
6|.XX.XXX.X|
7|.XX.XXXXX|
8|.X.X.XXX.|
9|X.XXXX*XX|
—│—————————│
You stepped on a mine and failed!
?[1;31m
Start test 108?[0m
How many mines do you want on the field? > 50
 │123456789│
—│—————————│
1|.........|
2|.........|
3|.........|
4|.........|
5|.........|
6|.........|
7|.........|
8|.........|
9|.........|
—│—————————│
Set/delete mines marks (x and y coordinates): > 8 9 free
 │123456789│
—│—————————│
1|XX.X..XXX|
2|..X..XX.X|
3|XXXXXX..X|
4|...X.XXXX|
5|XXXX..XXX|
6|XXX..X..X|
7|X..X.XX..|
8|X.XXXX..X|
9|.X.X.XXXX|
—│—————————│
You stepped on a mine and failed!
?[1;31m
Start test 109?[0m
How many mines do you want on the field? > 55
 │123456789│
—│—————————│
1|.........|
2|.........|
3|.........|
4|.........|
5|.........|
6|.........|
7|.........|
8|.........|
9|.........|
—│—————————│
Set/delete mines marks (x and y coordinates): > 8 9 free
 │123456789│
—│—————————│
1|..XXXXX.X|
2|.X.X.XXX.|
3|X..XXXXXX|
4|XXX.X.XX.|
5|X...XXXXX|
6|XXX.XXXX.|
7|.XX..XXXX|
8|XXXX..XXX|
9|.X...XXXX|
—│—————————│
You stepped on a mine and failed!
?[1;31m
Start test 110?[0m
How many mines do you want on the field? > 55
 │123456789│
—│—————————│
1|.........|
2|.........|
3|.........|
4|.........|
5|.........|
6|.........|
7|.........|
8|.........|
9|.........|
—│—————————│
Set/delete mines marks (x and y coordinates): > 2 2 mine
 │123456789│
—│—————————│
1|.........|
2|.*.......|
3|.........|
4|.........|
5|.........|
6|.........|
7|.........|
8|.........|
9|.........|
—│—————————│
Set/delete mines marks (x and y coordinates): > 3 2 mine
 │123456789│
—│—————————│
1|.........|
2|.**......|
3|.........|
4|.........|
5|.........|
6|.........|
7|.........|
8|.........|
9|.........|
—│—————————│
Set/delete mines marks (x and y coordinates): > 6 7 free
 │123456789│
—│—————————│
1|...XXXX..|
2|X*XX..XXX|
3|XXXXXXX.X|
4|XXXXX.XXX|
5|.XX.XX.XX|
6|XXX.XXXXX|
7|XXXX.XXXX|
8|.X...X...|
9|XX..XX..X|
—│—————————│
You stepped on a mine and failed!
?[1;31m
Start test 111?[0m
How many mines do you want on the field? > 60
 │123456789│
—│—————————│
1|.........|
2|.........|
3|.........|
4|.........|
5|.........|
6|.........|
7|.........|
8|.........|
9|.........|
—│—————————│
Set/delete mines marks (x and y coordinates): > 9 6 free
 │123456789│
—│—————————│
1|.........|
2|.........|
3|.........|
4|.........|
5|.........|
6|........4|
7|.........|
8|.........|
9|.........|
—│—————————│
Set/delete mines marks (x and y coordinates): > 3 9 free
 │123456789│
—│—————————│
1|XX.XXXXXX|
2|.XX.XXXX.|
3|XX.XXXXXX|
4|XX.XXXXX.|
5|XXXXX.XXX|
6|.X.XX...4|
7|XXX.XX.XX|
8|..XXXXXX.|
9|XXX.XXXX.|
—│—————————│
You stepped on a mine and failed!
?[1;31m
Start test 112?[0m
How many mines do you want on the field? > 60
 │123456789│
—│—————————│
1|.........|
2|.........|
3|.........|
4|.........|
5|.........|
6|.........|
7|.........|
8|.........|
9|.........|
—│—————————│
Set/delete mines marks (x and y coordinates): > 9 3 mine
 │123456789│
—│—————————│
1|.........|
2|.........|
3|........*|
4|.........|
5|.........|
6|.........|
7|.........|
8|.........|
9|.........|
—│—————————│
Set/delete mines marks (x and y coordinates): > 9 3 mine
 │123456789│
—│—————————│
1|.........|
2|.........|
3|.........|
4|.........|
5|.........|
6|.........|
7|.........|
8|.........|
9|.........|
—│—————————│
Set/delete mines marks (x and y coordinates): > 4 4 mine
 │123456789│
—│—————————│
1|.........|
2|.........|
3|.........|
4|...*.....|
5|.........|
6|.........|
7|.........|
8|.........|
9|.........|
—│—————————│
Set/delete mines marks (x and y coordinates): > 4 4 mine
 │123456789│
—│—————————│
1|.........|
2|.........|
3|.........|
4|.........|
5|.........|
6|.........|
7|.........|
8|.........|
9|.........|
—│—————————│
Set/delete mines marks (x and y coordinates): > 9 1 free
 │123456789│
—│—————————│
1|XX.....XX|
2|XXXXX.XX.|
3|XXXX.XXXX|
4|XXXX..XXX|
5|XXXXXX.XX|
6|XXXXX.X.X|
7|.XXXX.X..|
8|.XX.XXXXX|
9|XXXXX..XX|
—│—————————│
You stepped on a mine and failed!
?[1;31m
Start test 113?[0m
How many mines do you want on the field? > 65
 │123456789│
—│—————————│
1|.........|
2|.........|
3|.........|
4|.........|
5|.........|
6|.........|
7|.........|
8|.........|
9|.........|
—│—————————│
Set/delete mines marks (x and y coordinates): > 7 6 free
 │123456789│
—│—————————│
1|.........|
2|.........|
3|.........|
4|.........|
5|.........|
6|......7..|
7|.........|
8|.........|
9|.........|
—│—————————│
Set/delete mines marks (x and y coordinates): > 7 3 mine
 │123456789│
—│—————————│
1|.........|
2|.........|
3|......*..|
4|.........|
5|.........|
6|......7..|
7|.........|
8|.........|
9|.........|
—│—————————│
Set/delete mines marks (x and y coordinates): > 3 7 mine
 │123456789│
—│—————————│
1|.........|
2|.........|
3|......*..|
4|.........|
5|.........|
6|......7..|
7|..*......|
8|.........|
9|.........|
—│—————————│
Set/delete mines marks (x and y coordinates): > 3 3 free
 │123456789│
—│—————————│
1|XX.XXXXXX|
2|.X.X.XXXX|
3|XXX.XXXXX|
4|XXXXXXX.X|
5|.XX.XXXX.|
6|XX.XXX7XX|
7|XXXXXXX..|
8|..XXXXX.X|
9|XXXXXXXXX|
—│—————————│
You stepped on a mine and failed!
?[1;31m
Start test 114?[0m
How many mines do you want on the field? > 65
 │123456789│
—│—————————│
1|.........|
2|.........|
3|.........|
4|.........|
5|.........|
6|.........|
7|.........|
8|.........|
9|.........|
—│—————————│
Set/delete mines marks (x and y coordinates): > 6 9 mine
 │123456789│
—│—————————│
1|.........|
2|.........|
3|.........|
4|.........|
5|.........|
6|.........|
7|.........|
8|.........|
9|.....*...|
—│—————————│
Set/delete mines marks (x and y coordinates): > 4 9 mine
 │123456789│
—│—————————│
1|.........|
2|.........|
3|.........|
4|.........|
5|.........|
6|.........|
7|.........|
8|.........|
9|...*.*...|
—│—————————│
Set/delete mines marks (x and y coordinates): > 4 9 mine
 │123456789│
—│—————————│
1|.........|
2|.........|
3|.........|
4|.........|
5|.........|
6|.........|
7|.........|
8|.........|
9|.....*...|
—│—————————│
Set/delete mines marks (x and y coordinates): > 6 9 mine
 │123456789│
—│—————————│
1|.........|
2|.........|
3|.........|
4|.........|
5|.........|
6|.........|
7|.........|
8|.........|
9|.........|
—│—————————│
Set/delete mines marks (x and y coordinates): > 9 7 free
 │123456789│
—│—————————│
1|X.XXXX.XX|
2|X.XX..XXX|
3|.XXX.XX.X|
4|.XXXXXXXX|
5|XXXXXXXXX|
6|XXXX.X.XX|
7|XX.XXXX.X|
8|XX.XXXX.X|
9|XXXXXX.XX|
—│—————————│
You stepped on a mine and failed!
]]></system-out>
  <system-err><![CDATA[]]></system-err>
</testsuite>
